<?xml version="1.0" encoding="UTF-8"?>
<coverage generated="1741273418650" clover="3.2.0">
  <project timestamp="1741273418650" name="All files">
    <metrics statements="66" coveredstatements="62" conditionals="54" coveredconditionals="50" methods="17" coveredmethods="15" elements="137" coveredelements="127" complexity="0" loc="66" ncloc="66" packages="1" files="3" classes="3"/>
    <file name="databaseFunctions.js" path="/Users/aman/Desktop/Engineering UNSW/COMP Subjects/Seng2021/src/databaseFunctions.js">
      <metrics statements="61" coveredstatements="57" conditionals="54" coveredconditionals="50" methods="14" coveredmethods="12"/>
      <line num="17" count="12" type="cond" truecount="1" falsecount="1"/>
      <line num="18" count="12" type="stmt"/>
      <line num="19" count="12" type="cond" truecount="2" falsecount="0"/>
      <line num="29" count="11" type="cond" truecount="4" falsecount="0"/>
      <line num="30" count="1" type="stmt"/>
      <line num="32" count="10" type="stmt"/>
      <line num="33" count="10" type="stmt"/>
      <line num="43" count="9" type="cond" truecount="2" falsecount="0"/>
      <line num="53" count="7" type="cond" truecount="2" falsecount="0"/>
      <line num="63" count="11" type="cond" truecount="2" falsecount="0"/>
      <line num="91" count="15" type="stmt"/>
      <line num="92" count="15" type="cond" truecount="2" falsecount="0"/>
      <line num="93" count="1" type="stmt"/>
      <line num="94" count="1" type="stmt"/>
      <line num="96" count="14" type="cond" truecount="1" falsecount="1"/>
      <line num="97" count="0" type="stmt"/>
      <line num="101" count="14" type="cond" truecount="2" falsecount="0"/>
      <line num="102" count="2" type="stmt"/>
      <line num="105" count="12" type="cond" truecount="2" falsecount="0"/>
      <line num="106" count="1" type="stmt"/>
      <line num="109" count="11" type="cond" truecount="2" falsecount="0"/>
      <line num="110" count="1" type="stmt"/>
      <line num="113" count="10" type="cond" truecount="4" falsecount="0"/>
      <line num="114" count="1" type="stmt"/>
      <line num="117" count="9" type="cond" truecount="2" falsecount="0"/>
      <line num="118" count="1" type="stmt"/>
      <line num="121" count="8" type="cond" truecount="4" falsecount="0"/>
      <line num="122" count="1" type="stmt"/>
      <line num="125" count="7" type="cond" truecount="2" falsecount="0"/>
      <line num="126" count="1" type="stmt"/>
      <line num="129" count="6" type="cond" truecount="2" falsecount="0"/>
      <line num="130" count="1" type="stmt"/>
      <line num="133" count="5" type="cond" truecount="2" falsecount="0"/>
      <line num="134" count="1" type="stmt"/>
      <line num="137" count="4" type="cond" truecount="4" falsecount="0"/>
      <line num="138" count="2" type="stmt"/>
      <line num="142" count="2" type="stmt"/>
      <line num="143" count="2" type="cond" truecount="1" falsecount="1"/>
      <line num="144" count="0" type="stmt"/>
      <line num="145" count="0" type="stmt"/>
      <line num="148" count="2" type="stmt"/>
      <line num="156" count="2" type="stmt"/>
      <line num="158" count="2" type="cond" truecount="2" falsecount="0"/>
      <line num="159" count="1" type="stmt"/>
      <line num="160" count="1" type="stmt"/>
      <line num="161" count="1" type="stmt"/>
      <line num="164" count="1" type="stmt"/>
      <line num="165" count="1" type="cond" truecount="1" falsecount="1"/>
      <line num="166" count="1" type="stmt"/>
      <line num="167" count="1" type="stmt"/>
      <line num="168" count="1" type="stmt"/>
      <line num="170" count="0" type="stmt"/>
      <line num="178" count="3" type="stmt"/>
      <line num="180" count="3" type="stmt"/>
      <line num="182" count="3" type="stmt"/>
      <line num="183" count="3" type="cond" truecount="2" falsecount="0"/>
      <line num="184" count="1" type="stmt"/>
      <line num="185" count="1" type="stmt"/>
      <line num="187" count="2" type="cond" truecount="2" falsecount="0"/>
      <line num="188" count="1" type="stmt"/>
      <line num="190" count="1" type="stmt"/>
    </file>
    <file name="errors.js" path="/Users/aman/Desktop/Engineering UNSW/COMP Subjects/Seng2021/src/errors.js">
      <metrics statements="2" coveredstatements="2" conditionals="0" coveredconditionals="0" methods="1" coveredmethods="1"/>
      <line num="3" count="17" type="stmt"/>
      <line num="4" count="17" type="stmt"/>
    </file>
    <file name="test_app.js" path="/Users/aman/Desktop/Engineering UNSW/COMP Subjects/Seng2021/src/test_app.js">
      <metrics statements="3" coveredstatements="3" conditionals="0" coveredconditionals="0" methods="2" coveredmethods="2"/>
      <line num="2" count="2" type="stmt"/>
      <line num="6" count="2" type="stmt"/>
      <line num="9" count="1" type="stmt"/>
    </file>
  </project>
</coverage>
