{"/Users/aman/Desktop/Engineering UNSW/COMP Subjects/Seng2021/src/databaseFunctions.js": {"path":"/Users/aman/Desktop/Engineering UNSW/COMP Subjects/Seng2021/src/databaseFunctions.js","statementMap":{"0":{"start":{"line":17,"column":4},"end":{"line":17,"column":47}},"1":{"start":{"line":17,"column":34},"end":{"line":17,"column":47}},"2":{"start":{"line":18,"column":23},"end":{"line":18,"column":60}},"3":{"start":{"line":19,"column":4},"end":{"line":19,"column":76}},"4":{"start":{"line":29,"column":4},"end":{"line":31,"column":5}},"5":{"start":{"line":30,"column":8},"end":{"line":30,"column":21}},"6":{"start":{"line":32,"column":25},"end":{"line":32,"column":51}},"7":{"start":{"line":33,"column":4},"end":{"line":33,"column":47}},"8":{"start":{"line":43,"column":4},"end":{"line":43,"column":79}},"9":{"start":{"line":53,"column":4},"end":{"line":53,"column":73}},"10":{"start":{"line":63,"column":4},"end":{"line":63,"column":64}},"11":{"start":{"line":91,"column":4},"end":{"line":174,"column":7}},"12":{"start":{"line":92,"column":8},"end":{"line":95,"column":9}},"13":{"start":{"line":93,"column":12},"end":{"line":93,"column":81}},"14":{"start":{"line":94,"column":12},"end":{"line":94,"column":97}},"15":{"start":{"line":96,"column":8},"end":{"line":98,"column":9}},"16":{"start":{"line":97,"column":12},"end":{"line":97,"column":82}},"17":{"start":{"line":101,"column":8},"end":{"line":103,"column":9}},"18":{"start":{"line":102,"column":12},"end":{"line":102,"column":67}},"19":{"start":{"line":105,"column":8},"end":{"line":107,"column":9}},"20":{"start":{"line":106,"column":12},"end":{"line":106,"column":73}},"21":{"start":{"line":109,"column":8},"end":{"line":111,"column":9}},"22":{"start":{"line":110,"column":12},"end":{"line":110,"column":73}},"23":{"start":{"line":113,"column":8},"end":{"line":115,"column":9}},"24":{"start":{"line":114,"column":12},"end":{"line":114,"column":77}},"25":{"start":{"line":117,"column":8},"end":{"line":119,"column":9}},"26":{"start":{"line":118,"column":12},"end":{"line":118,"column":84}},"27":{"start":{"line":121,"column":8},"end":{"line":123,"column":9}},"28":{"start":{"line":122,"column":12},"end":{"line":122,"column":74}},"29":{"start":{"line":125,"column":8},"end":{"line":127,"column":9}},"30":{"start":{"line":126,"column":12},"end":{"line":126,"column":77}},"31":{"start":{"line":129,"column":8},"end":{"line":131,"column":9}},"32":{"start":{"line":130,"column":12},"end":{"line":130,"column":78}},"33":{"start":{"line":133,"column":8},"end":{"line":135,"column":9}},"34":{"start":{"line":134,"column":12},"end":{"line":134,"column":77}},"35":{"start":{"line":137,"column":8},"end":{"line":139,"column":9}},"36":{"start":{"line":138,"column":12},"end":{"line":138,"column":79}},"37":{"start":{"line":142,"column":8},"end":{"line":173,"column":11}},"38":{"start":{"line":143,"column":12},"end":{"line":146,"column":13}},"39":{"start":{"line":144,"column":16},"end":{"line":144,"column":79}},"40":{"start":{"line":145,"column":16},"end":{"line":145,"column":85}},"41":{"start":{"line":148,"column":34},"end":{"line":154,"column":13}},"42":{"start":{"line":156,"column":12},"end":{"line":172,"column":15}},"43":{"start":{"line":158,"column":16},"end":{"line":162,"column":17}},"44":{"start":{"line":159,"column":20},"end":{"line":159,"column":83}},"45":{"start":{"line":160,"column":20},"end":{"line":160,"column":51}},"46":{"start":{"line":161,"column":20},"end":{"line":161,"column":114}},"47":{"start":{"line":164,"column":16},"end":{"line":171,"column":19}},"48":{"start":{"line":165,"column":20},"end":{"line":169,"column":21}},"49":{"start":{"line":166,"column":24},"end":{"line":166,"column":90}},"50":{"start":{"line":167,"column":24},"end":{"line":167,"column":55}},"51":{"start":{"line":168,"column":24},"end":{"line":168,"column":101}},"52":{"start":{"line":170,"column":20},"end":{"line":170,"column":95}},"53":{"start":{"line":185,"column":4},"end":{"line":185,"column":69}},"54":{"start":{"line":187,"column":21},"end":{"line":187,"column":67}},"55":{"start":{"line":189,"column":4},"end":{"line":198,"column":7}},"56":{"start":{"line":190,"column":8},"end":{"line":193,"column":9}},"57":{"start":{"line":191,"column":12},"end":{"line":191,"column":75}},"58":{"start":{"line":192,"column":12},"end":{"line":192,"column":90}},"59":{"start":{"line":194,"column":8},"end":{"line":196,"column":9}},"60":{"start":{"line":195,"column":12},"end":{"line":195,"column":70}},"61":{"start":{"line":197,"column":8},"end":{"line":197,"column":28}},"62":{"start":{"line":208,"column":4},"end":{"line":208,"column":66}},"63":{"start":{"line":210,"column":21},"end":{"line":210,"column":75}},"64":{"start":{"line":212,"column":4},"end":{"line":221,"column":7}},"65":{"start":{"line":213,"column":8},"end":{"line":216,"column":9}},"66":{"start":{"line":214,"column":12},"end":{"line":214,"column":78}},"67":{"start":{"line":215,"column":12},"end":{"line":215,"column":94}},"68":{"start":{"line":217,"column":8},"end":{"line":219,"column":9}},"69":{"start":{"line":218,"column":12},"end":{"line":218,"column":90}},"70":{"start":{"line":220,"column":8},"end":{"line":220,"column":58}},"71":{"start":{"line":220,"column":39},"end":{"line":220,"column":55}},"72":{"start":{"line":231,"column":4},"end":{"line":231,"column":69}},"73":{"start":{"line":233,"column":21},"end":{"line":233,"column":65}},"74":{"start":{"line":235,"column":4},"end":{"line":244,"column":7}},"75":{"start":{"line":236,"column":8},"end":{"line":239,"column":9}},"76":{"start":{"line":237,"column":12},"end":{"line":237,"column":74}},"77":{"start":{"line":238,"column":12},"end":{"line":238,"column":90}},"78":{"start":{"line":240,"column":8},"end":{"line":242,"column":9}},"79":{"start":{"line":241,"column":12},"end":{"line":241,"column":70}},"80":{"start":{"line":243,"column":8},"end":{"line":243,"column":82}}},"fnMap":{"0":{"name":"isValidIssueDate","decl":{"start":{"line":16,"column":9},"end":{"line":16,"column":25}},"loc":{"start":{"line":16,"column":32},"end":{"line":20,"column":1}},"line":16},"1":{"name":"isValidPartyName","decl":{"start":{"line":28,"column":9},"end":{"line":28,"column":25}},"loc":{"start":{"line":28,"column":37},"end":{"line":34,"column":1}},"line":28},"2":{"name":"isValidCurrencyCode","decl":{"start":{"line":42,"column":9},"end":{"line":42,"column":28}},"loc":{"start":{"line":42,"column":43},"end":{"line":44,"column":1}},"line":42},"3":{"name":"isValidUnitCode","decl":{"start":{"line":52,"column":9},"end":{"line":52,"column":24}},"loc":{"start":{"line":52,"column":35},"end":{"line":54,"column":1}},"line":52},"4":{"name":"isValidItemID","decl":{"start":{"line":62,"column":9},"end":{"line":62,"column":22}},"loc":{"start":{"line":62,"column":31},"end":{"line":64,"column":1}},"line":62},"5":{"name":"inputOrder","decl":{"start":{"line":86,"column":16},"end":{"line":86,"column":26}},"loc":{"start":{"line":89,"column":63},"end":{"line":175,"column":1}},"line":89},"6":{"name":"(anonymous_6)","decl":{"start":{"line":91,"column":90},"end":{"line":91,"column":91}},"loc":{"start":{"line":91,"column":104},"end":{"line":174,"column":5}},"line":91},"7":{"name":"(anonymous_7)","decl":{"start":{"line":142,"column":38},"end":{"line":142,"column":39}},"loc":{"start":{"line":142,"column":52},"end":{"line":173,"column":9}},"line":142},"8":{"name":"(anonymous_8)","decl":{"start":{"line":157,"column":113},"end":{"line":157,"column":114}},"loc":{"start":{"line":157,"column":128},"end":{"line":172,"column":13}},"line":157},"9":{"name":"(anonymous_9)","decl":{"start":{"line":160,"column":41},"end":{"line":160,"column":42}},"loc":{"start":{"line":160,"column":47},"end":{"line":160,"column":49}},"line":160},"10":{"name":"(anonymous_10)","decl":{"start":{"line":164,"column":35},"end":{"line":164,"column":36}},"loc":{"start":{"line":164,"column":50},"end":{"line":171,"column":17}},"line":164},"11":{"name":"(anonymous_11)","decl":{"start":{"line":167,"column":45},"end":{"line":167,"column":46}},"loc":{"start":{"line":167,"column":51},"end":{"line":167,"column":53}},"line":167},"12":{"name":"getOrderBySalesOrderID","decl":{"start":{"line":184,"column":16},"end":{"line":184,"column":38}},"loc":{"start":{"line":184,"column":63},"end":{"line":199,"column":1}},"line":184},"13":{"name":"(anonymous_13)","decl":{"start":{"line":189,"column":37},"end":{"line":189,"column":38}},"loc":{"start":{"line":189,"column":51},"end":{"line":198,"column":5}},"line":189},"14":{"name":"getOrderIdsByPartyName","decl":{"start":{"line":207,"column":16},"end":{"line":207,"column":38}},"loc":{"start":{"line":207,"column":60},"end":{"line":222,"column":1}},"line":207},"15":{"name":"(anonymous_15)","decl":{"start":{"line":212,"column":34},"end":{"line":212,"column":35}},"loc":{"start":{"line":212,"column":49},"end":{"line":221,"column":5}},"line":212},"16":{"name":"(anonymous_16)","decl":{"start":{"line":220,"column":32},"end":{"line":220,"column":33}},"loc":{"start":{"line":220,"column":39},"end":{"line":220,"column":55}},"line":220},"17":{"name":"deleteOrderById","decl":{"start":{"line":230,"column":16},"end":{"line":230,"column":31}},"loc":{"start":{"line":230,"column":56},"end":{"line":245,"column":1}},"line":230},"18":{"name":"(anonymous_18)","decl":{"start":{"line":235,"column":37},"end":{"line":235,"column":38}},"loc":{"start":{"line":235,"column":52},"end":{"line":244,"column":5}},"line":235}},"branchMap":{"0":{"loc":{"start":{"line":17,"column":4},"end":{"line":17,"column":47}},"type":"if","locations":[{"start":{"line":17,"column":4},"end":{"line":17,"column":47}},{"start":{},"end":{}}],"line":17},"1":{"loc":{"start":{"line":19,"column":11},"end":{"line":19,"column":75}},"type":"binary-expr","locations":[{"start":{"line":19,"column":11},"end":{"line":19,"column":30}},{"start":{"line":19,"column":34},"end":{"line":19,"column":75}}],"line":19},"2":{"loc":{"start":{"line":29,"column":4},"end":{"line":31,"column":5}},"type":"if","locations":[{"start":{"line":29,"column":4},"end":{"line":31,"column":5}},{"start":{},"end":{}}],"line":29},"3":{"loc":{"start":{"line":29,"column":8},"end":{"line":29,"column":58}},"type":"binary-expr","locations":[{"start":{"line":29,"column":8},"end":{"line":29,"column":37}},{"start":{"line":29,"column":41},"end":{"line":29,"column":58}}],"line":29},"4":{"loc":{"start":{"line":43,"column":11},"end":{"line":43,"column":78}},"type":"binary-expr","locations":[{"start":{"line":43,"column":11},"end":{"line":43,"column":43}},{"start":{"line":43,"column":47},"end":{"line":43,"column":78}}],"line":43},"5":{"loc":{"start":{"line":53,"column":11},"end":{"line":53,"column":72}},"type":"binary-expr","locations":[{"start":{"line":53,"column":11},"end":{"line":53,"column":39}},{"start":{"line":53,"column":43},"end":{"line":53,"column":72}}],"line":53},"6":{"loc":{"start":{"line":63,"column":11},"end":{"line":63,"column":63}},"type":"binary-expr","locations":[{"start":{"line":63,"column":11},"end":{"line":63,"column":37}},{"start":{"line":63,"column":41},"end":{"line":63,"column":63}}],"line":63},"7":{"loc":{"start":{"line":92,"column":8},"end":{"line":95,"column":9}},"type":"if","locations":[{"start":{"line":92,"column":8},"end":{"line":95,"column":9}},{"start":{},"end":{}}],"line":92},"8":{"loc":{"start":{"line":96,"column":8},"end":{"line":98,"column":9}},"type":"if","locations":[{"start":{"line":96,"column":8},"end":{"line":98,"column":9}},{"start":{},"end":{}}],"line":96},"9":{"loc":{"start":{"line":101,"column":8},"end":{"line":103,"column":9}},"type":"if","locations":[{"start":{"line":101,"column":8},"end":{"line":103,"column":9}},{"start":{},"end":{}}],"line":101},"10":{"loc":{"start":{"line":105,"column":8},"end":{"line":107,"column":9}},"type":"if","locations":[{"start":{"line":105,"column":8},"end":{"line":107,"column":9}},{"start":{},"end":{}}],"line":105},"11":{"loc":{"start":{"line":109,"column":8},"end":{"line":111,"column":9}},"type":"if","locations":[{"start":{"line":109,"column":8},"end":{"line":111,"column":9}},{"start":{},"end":{}}],"line":109},"12":{"loc":{"start":{"line":113,"column":8},"end":{"line":115,"column":9}},"type":"if","locations":[{"start":{"line":113,"column":8},"end":{"line":115,"column":9}},{"start":{},"end":{}}],"line":113},"13":{"loc":{"start":{"line":113,"column":12},"end":{"line":113,"column":66}},"type":"binary-expr","locations":[{"start":{"line":113,"column":12},"end":{"line":113,"column":45}},{"start":{"line":113,"column":49},"end":{"line":113,"column":66}}],"line":113},"14":{"loc":{"start":{"line":117,"column":8},"end":{"line":119,"column":9}},"type":"if","locations":[{"start":{"line":117,"column":8},"end":{"line":119,"column":9}},{"start":{},"end":{}}],"line":117},"15":{"loc":{"start":{"line":121,"column":8},"end":{"line":123,"column":9}},"type":"if","locations":[{"start":{"line":121,"column":8},"end":{"line":123,"column":9}},{"start":{},"end":{}}],"line":121},"16":{"loc":{"start":{"line":121,"column":12},"end":{"line":121,"column":60}},"type":"binary-expr","locations":[{"start":{"line":121,"column":12},"end":{"line":121,"column":42}},{"start":{"line":121,"column":46},"end":{"line":121,"column":60}}],"line":121},"17":{"loc":{"start":{"line":125,"column":8},"end":{"line":127,"column":9}},"type":"if","locations":[{"start":{"line":125,"column":8},"end":{"line":127,"column":9}},{"start":{},"end":{}}],"line":125},"18":{"loc":{"start":{"line":129,"column":8},"end":{"line":131,"column":9}},"type":"if","locations":[{"start":{"line":129,"column":8},"end":{"line":131,"column":9}},{"start":{},"end":{}}],"line":129},"19":{"loc":{"start":{"line":133,"column":8},"end":{"line":135,"column":9}},"type":"if","locations":[{"start":{"line":133,"column":8},"end":{"line":135,"column":9}},{"start":{},"end":{}}],"line":133},"20":{"loc":{"start":{"line":137,"column":8},"end":{"line":139,"column":9}},"type":"if","locations":[{"start":{"line":137,"column":8},"end":{"line":139,"column":9}},{"start":{},"end":{}}],"line":137},"21":{"loc":{"start":{"line":137,"column":12},"end":{"line":137,"column":74}},"type":"binary-expr","locations":[{"start":{"line":137,"column":12},"end":{"line":137,"column":47}},{"start":{"line":137,"column":51},"end":{"line":137,"column":74}}],"line":137},"22":{"loc":{"start":{"line":143,"column":12},"end":{"line":146,"column":13}},"type":"if","locations":[{"start":{"line":143,"column":12},"end":{"line":146,"column":13}},{"start":{},"end":{}}],"line":143},"23":{"loc":{"start":{"line":158,"column":16},"end":{"line":162,"column":17}},"type":"if","locations":[{"start":{"line":158,"column":16},"end":{"line":162,"column":17}},{"start":{},"end":{}}],"line":158},"24":{"loc":{"start":{"line":165,"column":20},"end":{"line":169,"column":21}},"type":"if","locations":[{"start":{"line":165,"column":20},"end":{"line":169,"column":21}},{"start":{},"end":{}}],"line":165},"25":{"loc":{"start":{"line":190,"column":8},"end":{"line":193,"column":9}},"type":"if","locations":[{"start":{"line":190,"column":8},"end":{"line":193,"column":9}},{"start":{},"end":{}}],"line":190},"26":{"loc":{"start":{"line":194,"column":8},"end":{"line":196,"column":9}},"type":"if","locations":[{"start":{"line":194,"column":8},"end":{"line":196,"column":9}},{"start":{},"end":{}}],"line":194},"27":{"loc":{"start":{"line":213,"column":8},"end":{"line":216,"column":9}},"type":"if","locations":[{"start":{"line":213,"column":8},"end":{"line":216,"column":9}},{"start":{},"end":{}}],"line":213},"28":{"loc":{"start":{"line":217,"column":8},"end":{"line":219,"column":9}},"type":"if","locations":[{"start":{"line":217,"column":8},"end":{"line":219,"column":9}},{"start":{},"end":{}}],"line":217},"29":{"loc":{"start":{"line":217,"column":12},"end":{"line":217,"column":38}},"type":"binary-expr","locations":[{"start":{"line":217,"column":12},"end":{"line":217,"column":17}},{"start":{"line":217,"column":21},"end":{"line":217,"column":38}}],"line":217},"30":{"loc":{"start":{"line":236,"column":8},"end":{"line":239,"column":9}},"type":"if","locations":[{"start":{"line":236,"column":8},"end":{"line":239,"column":9}},{"start":{},"end":{}}],"line":236},"31":{"loc":{"start":{"line":240,"column":8},"end":{"line":242,"column":9}},"type":"if","locations":[{"start":{"line":240,"column":8},"end":{"line":242,"column":9}},{"start":{},"end":{}}],"line":240}},"s":{"0":12,"1":0,"2":12,"3":12,"4":11,"5":1,"6":10,"7":10,"8":9,"9":7,"10":11,"11":15,"12":15,"13":1,"14":1,"15":14,"16":0,"17":14,"18":2,"19":12,"20":1,"21":11,"22":1,"23":10,"24":1,"25":9,"26":1,"27":8,"28":1,"29":7,"30":1,"31":6,"32":1,"33":5,"34":1,"35":4,"36":2,"37":2,"38":2,"39":0,"40":0,"41":2,"42":2,"43":2,"44":1,"45":1,"46":1,"47":1,"48":1,"49":1,"50":1,"51":1,"52":0,"53":3,"54":3,"55":3,"56":3,"57":1,"58":1,"59":2,"60":1,"61":1,"62":3,"63":3,"64":3,"65":3,"66":1,"67":1,"68":2,"69":1,"70":1,"71":2,"72":2,"73":2,"74":2,"75":2,"76":1,"77":1,"78":1,"79":1,"80":0},"f":{"0":12,"1":11,"2":9,"3":7,"4":11,"5":15,"6":15,"7":2,"8":2,"9":0,"10":1,"11":0,"12":3,"13":3,"14":3,"15":3,"16":2,"17":2,"18":2},"b":{"0":[0,12],"1":[12,11],"2":[1,10],"3":[11,11],"4":[9,9],"5":[7,7],"6":[11,11],"7":[1,14],"8":[0,14],"9":[2,12],"10":[1,11],"11":[1,10],"12":[1,9],"13":[10,10],"14":[1,8],"15":[1,7],"16":[8,8],"17":[1,6],"18":[1,5],"19":[1,4],"20":[2,2],"21":[4,3],"22":[0,2],"23":[1,1],"24":[1,0],"25":[1,2],"26":[1,1],"27":[1,2],"28":[1,1],"29":[2,2],"30":[1,1],"31":[1,0]},"_coverageSchema":"1a1c01bbd47fc00a2c39e90264f33305004495a9","hash":"1b1784aa79b21334bf38ef14abcc05cffb181bf4"}
,"/Users/aman/Desktop/Engineering UNSW/COMP Subjects/Seng2021/src/errors.js": {"path":"/Users/aman/Desktop/Engineering UNSW/COMP Subjects/Seng2021/src/errors.js","statementMap":{"0":{"start":{"line":3,"column":8},"end":{"line":3,"column":23}},"1":{"start":{"line":4,"column":8},"end":{"line":4,"column":64}}},"fnMap":{"0":{"name":"(anonymous_0)","decl":{"start":{"line":2,"column":4},"end":{"line":2,"column":5}},"loc":{"start":{"line":2,"column":25},"end":{"line":5,"column":5}},"line":2}},"branchMap":{},"s":{"0":21,"1":21},"f":{"0":21},"b":{},"_coverageSchema":"1a1c01bbd47fc00a2c39e90264f33305004495a9","hash":"2f8ea0690b9ca3cd903906f8e235e97a0b4b5c4b"}
,"/Users/aman/Desktop/Engineering UNSW/COMP Subjects/Seng2021/src/test_app.js": {"path":"/Users/aman/Desktop/Engineering UNSW/COMP Subjects/Seng2021/src/test_app.js","statementMap":{"0":{"start":{"line":2,"column":4},"end":{"line":2,"column":17}},"1":{"start":{"line":6,"column":4},"end":{"line":6,"column":25}},"2":{"start":{"line":9,"column":0},"end":{"line":9,"column":33}}},"fnMap":{"0":{"name":"add","decl":{"start":{"line":1,"column":9},"end":{"line":1,"column":12}},"loc":{"start":{"line":1,"column":19},"end":{"line":3,"column":1}},"line":1},"1":{"name":"isEven","decl":{"start":{"line":5,"column":9},"end":{"line":5,"column":15}},"loc":{"start":{"line":5,"column":21},"end":{"line":7,"column":1}},"line":5}},"branchMap":{},"s":{"0":2,"1":2,"2":1},"f":{"0":2,"1":2},"b":{},"_coverageSchema":"1a1c01bbd47fc00a2c39e90264f33305004495a9","hash":"fee92edb2c185b40314e9476018af2d5b25b981c"}
}
