{"/Users/ayrasaqib/uni/SENG2021/src/errors.js": {"path":"/Users/ayrasaqib/uni/SENG2021/src/errors.js","statementMap":{"0":{"start":{"line":3,"column":8},"end":{"line":3,"column":23}},"1":{"start":{"line":4,"column":8},"end":{"line":4,"column":64}}},"fnMap":{"0":{"name":"(anonymous_0)","decl":{"start":{"line":2,"column":4},"end":{"line":2,"column":5}},"loc":{"start":{"line":2,"column":25},"end":{"line":5,"column":5}},"line":2}},"branchMap":{},"s":{"0":35,"1":35},"f":{"0":35},"b":{},"_coverageSchema":"1a1c01bbd47fc00a2c39e90264f33305004495a9","hash":"85f22fc7e1ead5addaf5f56b6efc94ad1dfde5ad"}
,"/Users/ayrasaqib/uni/SENG2021/src/helperFunctions.js": {"path":"/Users/ayrasaqib/uni/SENG2021/src/helperFunctions.js","statementMap":{"0":{"start":{"line":8,"column":4},"end":{"line":10,"column":5}},"1":{"start":{"line":9,"column":8},"end":{"line":9,"column":21}},"2":{"start":{"line":11,"column":25},"end":{"line":11,"column":51}},"3":{"start":{"line":12,"column":4},"end":{"line":12,"column":47}},"4":{"start":{"line":19,"column":4},"end":{"line":19,"column":63}}},"fnMap":{"0":{"name":"isValidPartyName","decl":{"start":{"line":7,"column":16},"end":{"line":7,"column":32}},"loc":{"start":{"line":7,"column":44},"end":{"line":13,"column":1}},"line":7},"1":{"name":"randomNumber","decl":{"start":{"line":18,"column":16},"end":{"line":18,"column":28}},"loc":{"start":{"line":18,"column":31},"end":{"line":20,"column":1}},"line":18}},"branchMap":{"0":{"loc":{"start":{"line":8,"column":4},"end":{"line":10,"column":5}},"type":"if","locations":[{"start":{"line":8,"column":4},"end":{"line":10,"column":5}},{"start":{},"end":{}}],"line":8},"1":{"loc":{"start":{"line":8,"column":8},"end":{"line":8,"column":58}},"type":"binary-expr","locations":[{"start":{"line":8,"column":8},"end":{"line":8,"column":37}},{"start":{"line":8,"column":41},"end":{"line":8,"column":58}}],"line":8}},"s":{"0":8,"1":1,"2":7,"3":7,"4":0},"f":{"0":8,"1":0},"b":{"0":[1,7],"1":[8,8]},"_coverageSchema":"1a1c01bbd47fc00a2c39e90264f33305004495a9","hash":"cbd8d0886e3b489981bb4965912575fd5b7ccf8a"}
,"/Users/ayrasaqib/uni/SENG2021/src/invoiceToDB.js": {"path":"/Users/ayrasaqib/uni/SENG2021/src/invoiceToDB.js","statementMap":{"0":{"start":{"line":12,"column":4},"end":{"line":12,"column":70}},"1":{"start":{"line":14,"column":4},"end":{"line":107,"column":7}},"2":{"start":{"line":15,"column":8},"end":{"line":18,"column":9}},"3":{"start":{"line":16,"column":12},"end":{"line":16,"column":75}},"4":{"start":{"line":17,"column":12},"end":{"line":17,"column":89}},"5":{"start":{"line":21,"column":28},"end":{"line":25,"column":9}},"6":{"start":{"line":27,"column":8},"end":{"line":106,"column":11}},"7":{"start":{"line":28,"column":12},"end":{"line":32,"column":13}},"8":{"start":{"line":29,"column":16},"end":{"line":29,"column":83}},"9":{"start":{"line":30,"column":16},"end":{"line":30,"column":47}},"10":{"start":{"line":31,"column":16},"end":{"line":31,"column":94}},"11":{"start":{"line":34,"column":12},"end":{"line":37,"column":13}},"12":{"start":{"line":35,"column":16},"end":{"line":35,"column":47}},"13":{"start":{"line":36,"column":16},"end":{"line":36,"column":74}},"14":{"start":{"line":40,"column":37},"end":{"line":43,"column":13}},"15":{"start":{"line":45,"column":12},"end":{"line":105,"column":15}},"16":{"start":{"line":46,"column":16},"end":{"line":50,"column":17}},"17":{"start":{"line":47,"column":20},"end":{"line":47,"column":92}},"18":{"start":{"line":48,"column":20},"end":{"line":48,"column":51}},"19":{"start":{"line":49,"column":20},"end":{"line":49,"column":101}},"20":{"start":{"line":52,"column":34},"end":{"line":52,"column":51}},"21":{"start":{"line":55,"column":41},"end":{"line":59,"column":17}},"22":{"start":{"line":61,"column":16},"end":{"line":104,"column":19}},"23":{"start":{"line":62,"column":20},"end":{"line":66,"column":21}},"24":{"start":{"line":63,"column":24},"end":{"line":63,"column":97}},"25":{"start":{"line":64,"column":24},"end":{"line":64,"column":55}},"26":{"start":{"line":65,"column":24},"end":{"line":65,"column":108}},"27":{"start":{"line":68,"column":20},"end":{"line":71,"column":21}},"28":{"start":{"line":69,"column":24},"end":{"line":69,"column":55}},"29":{"start":{"line":70,"column":24},"end":{"line":70,"column":96}},"30":{"start":{"line":74,"column":49},"end":{"line":77,"column":21}},"31":{"start":{"line":79,"column":39},"end":{"line":79,"column":55}},"32":{"start":{"line":81,"column":20},"end":{"line":103,"column":21}},"33":{"start":{"line":82,"column":24},"end":{"line":102,"column":27}},"34":{"start":{"line":83,"column":28},"end":{"line":87,"column":29}},"35":{"start":{"line":84,"column":32},"end":{"line":84,"column":113}},"36":{"start":{"line":85,"column":32},"end":{"line":85,"column":63}},"37":{"start":{"line":86,"column":32},"end":{"line":86,"column":119}},"38":{"start":{"line":89,"column":28},"end":{"line":89,"column":43}},"39":{"start":{"line":92,"column":28},"end":{"line":101,"column":29}},"40":{"start":{"line":93,"column":32},"end":{"line":100,"column":35}},"41":{"start":{"line":94,"column":36},"end":{"line":98,"column":37}},"42":{"start":{"line":95,"column":40},"end":{"line":95,"column":114}},"43":{"start":{"line":96,"column":40},"end":{"line":96,"column":71}},"44":{"start":{"line":97,"column":40},"end":{"line":97,"column":119}},"45":{"start":{"line":99,"column":36},"end":{"line":99,"column":123}},"46":{"start":{"line":118,"column":4},"end":{"line":118,"column":65}},"47":{"start":{"line":121,"column":26},"end":{"line":125,"column":5}},"48":{"start":{"line":127,"column":4},"end":{"line":152,"column":7}},"49":{"start":{"line":128,"column":8},"end":{"line":131,"column":9}},"50":{"start":{"line":129,"column":12},"end":{"line":129,"column":83}},"51":{"start":{"line":130,"column":12},"end":{"line":130,"column":92}},"52":{"start":{"line":133,"column":8},"end":{"line":135,"column":9}},"53":{"start":{"line":134,"column":12},"end":{"line":134,"column":72}},"54":{"start":{"line":138,"column":35},"end":{"line":142,"column":9}},"55":{"start":{"line":144,"column":8},"end":{"line":151,"column":11}},"56":{"start":{"line":145,"column":12},"end":{"line":148,"column":13}},"57":{"start":{"line":146,"column":16},"end":{"line":146,"column":91}},"58":{"start":{"line":147,"column":16},"end":{"line":147,"column":102}},"59":{"start":{"line":150,"column":12},"end":{"line":150,"column":64}},"60":{"start":{"line":163,"column":4},"end":{"line":163,"column":68}},"61":{"start":{"line":165,"column":21},"end":{"line":168,"column":5}},"62":{"start":{"line":170,"column":4},"end":{"line":179,"column":7}},"63":{"start":{"line":171,"column":8},"end":{"line":174,"column":9}},"64":{"start":{"line":172,"column":12},"end":{"line":172,"column":77}},"65":{"start":{"line":173,"column":12},"end":{"line":173,"column":93}},"66":{"start":{"line":175,"column":8},"end":{"line":177,"column":9}},"67":{"start":{"line":176,"column":12},"end":{"line":176,"column":89}},"68":{"start":{"line":178,"column":8},"end":{"line":178,"column":29}},"69":{"start":{"line":190,"column":4},"end":{"line":190,"column":86}},"70":{"start":{"line":192,"column":4},"end":{"line":232,"column":7}},"71":{"start":{"line":193,"column":8},"end":{"line":196,"column":9}},"72":{"start":{"line":194,"column":12},"end":{"line":194,"column":75}},"73":{"start":{"line":195,"column":12},"end":{"line":195,"column":88}},"74":{"start":{"line":199,"column":38},"end":{"line":199,"column":86}},"75":{"start":{"line":200,"column":8},"end":{"line":231,"column":11}},"76":{"start":{"line":201,"column":12},"end":{"line":205,"column":13}},"77":{"start":{"line":202,"column":16},"end":{"line":202,"column":86}},"78":{"start":{"line":203,"column":16},"end":{"line":203,"column":47}},"79":{"start":{"line":204,"column":16},"end":{"line":204,"column":102}},"80":{"start":{"line":208,"column":37},"end":{"line":208,"column":80}},"81":{"start":{"line":209,"column":12},"end":{"line":230,"column":15}},"82":{"start":{"line":210,"column":16},"end":{"line":214,"column":17}},"83":{"start":{"line":211,"column":20},"end":{"line":211,"column":84}},"84":{"start":{"line":212,"column":20},"end":{"line":212,"column":51}},"85":{"start":{"line":213,"column":20},"end":{"line":213,"column":100}},"86":{"start":{"line":216,"column":16},"end":{"line":219,"column":17}},"87":{"start":{"line":217,"column":20},"end":{"line":217,"column":51}},"88":{"start":{"line":218,"column":20},"end":{"line":218,"column":80}},"89":{"start":{"line":222,"column":16},"end":{"line":229,"column":19}},"90":{"start":{"line":223,"column":20},"end":{"line":227,"column":21}},"91":{"start":{"line":224,"column":24},"end":{"line":224,"column":97}},"92":{"start":{"line":225,"column":24},"end":{"line":225,"column":55}},"93":{"start":{"line":226,"column":24},"end":{"line":226,"column":102}},"94":{"start":{"line":228,"column":20},"end":{"line":228,"column":114}}},"fnMap":{"0":{"name":"inputInvoice","decl":{"start":{"line":11,"column":16},"end":{"line":11,"column":28}},"loc":{"start":{"line":11,"column":53},"end":{"line":108,"column":1}},"line":11},"1":{"name":"(anonymous_1)","decl":{"start":{"line":14,"column":34},"end":{"line":14,"column":35}},"loc":{"start":{"line":14,"column":48},"end":{"line":107,"column":5}},"line":14},"2":{"name":"(anonymous_2)","decl":{"start":{"line":27,"column":44},"end":{"line":27,"column":45}},"loc":{"start":{"line":27,"column":68},"end":{"line":106,"column":9}},"line":27},"3":{"name":"(anonymous_3)","decl":{"start":{"line":30,"column":37},"end":{"line":30,"column":38}},"loc":{"start":{"line":30,"column":43},"end":{"line":30,"column":45}},"line":30},"4":{"name":"(anonymous_4)","decl":{"start":{"line":35,"column":37},"end":{"line":35,"column":38}},"loc":{"start":{"line":35,"column":43},"end":{"line":35,"column":45}},"line":35},"5":{"name":"(anonymous_5)","decl":{"start":{"line":45,"column":145},"end":{"line":45,"column":146}},"loc":{"start":{"line":45,"column":167},"end":{"line":105,"column":13}},"line":45},"6":{"name":"(anonymous_6)","decl":{"start":{"line":48,"column":41},"end":{"line":48,"column":42}},"loc":{"start":{"line":48,"column":47},"end":{"line":48,"column":49}},"line":48},"7":{"name":"(anonymous_7)","decl":{"start":{"line":61,"column":57},"end":{"line":61,"column":58}},"loc":{"start":{"line":61,"column":82},"end":{"line":104,"column":17}},"line":61},"8":{"name":"(anonymous_8)","decl":{"start":{"line":64,"column":45},"end":{"line":64,"column":46}},"loc":{"start":{"line":64,"column":51},"end":{"line":64,"column":53}},"line":64},"9":{"name":"(anonymous_9)","decl":{"start":{"line":69,"column":45},"end":{"line":69,"column":46}},"loc":{"start":{"line":69,"column":51},"end":{"line":69,"column":53}},"line":69},"10":{"name":"(anonymous_10)","decl":{"start":{"line":82,"column":187},"end":{"line":82,"column":188}},"loc":{"start":{"line":82,"column":213},"end":{"line":102,"column":25}},"line":82},"11":{"name":"(anonymous_11)","decl":{"start":{"line":85,"column":53},"end":{"line":85,"column":54}},"loc":{"start":{"line":85,"column":59},"end":{"line":85,"column":61}},"line":85},"12":{"name":"(anonymous_12)","decl":{"start":{"line":93,"column":51},"end":{"line":93,"column":52}},"loc":{"start":{"line":93,"column":66},"end":{"line":100,"column":33}},"line":93},"13":{"name":"(anonymous_13)","decl":{"start":{"line":96,"column":61},"end":{"line":96,"column":62}},"loc":{"start":{"line":96,"column":67},"end":{"line":96,"column":69}},"line":96},"14":{"name":"getInvoiceByID","decl":{"start":{"line":117,"column":16},"end":{"line":117,"column":30}},"loc":{"start":{"line":117,"column":52},"end":{"line":153,"column":1}},"line":117},"15":{"name":"(anonymous_15)","decl":{"start":{"line":127,"column":39},"end":{"line":127,"column":40}},"loc":{"start":{"line":127,"column":67},"end":{"line":152,"column":5}},"line":127},"16":{"name":"(anonymous_16)","decl":{"start":{"line":144,"column":48},"end":{"line":144,"column":49}},"loc":{"start":{"line":144,"column":73},"end":{"line":151,"column":9}},"line":144},"17":{"name":"getInvoicesByCompanyName","decl":{"start":{"line":162,"column":16},"end":{"line":162,"column":40}},"loc":{"start":{"line":162,"column":67},"end":{"line":180,"column":1}},"line":162},"18":{"name":"(anonymous_18)","decl":{"start":{"line":170,"column":39},"end":{"line":170,"column":40}},"loc":{"start":{"line":170,"column":54},"end":{"line":179,"column":5}},"line":170},"19":{"name":"deleteInvoiceById","decl":{"start":{"line":189,"column":16},"end":{"line":189,"column":33}},"loc":{"start":{"line":189,"column":55},"end":{"line":233,"column":1}},"line":189},"20":{"name":"(anonymous_20)","decl":{"start":{"line":192,"column":34},"end":{"line":192,"column":35}},"loc":{"start":{"line":192,"column":48},"end":{"line":232,"column":5}},"line":192},"21":{"name":"(anonymous_21)","decl":{"start":{"line":200,"column":51},"end":{"line":200,"column":52}},"loc":{"start":{"line":200,"column":66},"end":{"line":231,"column":9}},"line":200},"22":{"name":"(anonymous_22)","decl":{"start":{"line":203,"column":37},"end":{"line":203,"column":38}},"loc":{"start":{"line":203,"column":43},"end":{"line":203,"column":45}},"line":203},"23":{"name":"(anonymous_23)","decl":{"start":{"line":209,"column":50},"end":{"line":209,"column":51}},"loc":{"start":{"line":209,"column":65},"end":{"line":230,"column":13}},"line":209},"24":{"name":"(anonymous_24)","decl":{"start":{"line":212,"column":41},"end":{"line":212,"column":42}},"loc":{"start":{"line":212,"column":47},"end":{"line":212,"column":49}},"line":212},"25":{"name":"(anonymous_25)","decl":{"start":{"line":217,"column":41},"end":{"line":217,"column":42}},"loc":{"start":{"line":217,"column":47},"end":{"line":217,"column":49}},"line":217},"26":{"name":"(anonymous_26)","decl":{"start":{"line":222,"column":35},"end":{"line":222,"column":36}},"loc":{"start":{"line":222,"column":50},"end":{"line":229,"column":17}},"line":222},"27":{"name":"(anonymous_27)","decl":{"start":{"line":225,"column":45},"end":{"line":225,"column":46}},"loc":{"start":{"line":225,"column":51},"end":{"line":225,"column":53}},"line":225}},"branchMap":{"0":{"loc":{"start":{"line":15,"column":8},"end":{"line":18,"column":9}},"type":"if","locations":[{"start":{"line":15,"column":8},"end":{"line":18,"column":9}},{"start":{},"end":{}}],"line":15},"1":{"loc":{"start":{"line":28,"column":12},"end":{"line":32,"column":13}},"type":"if","locations":[{"start":{"line":28,"column":12},"end":{"line":32,"column":13}},{"start":{},"end":{}}],"line":28},"2":{"loc":{"start":{"line":34,"column":12},"end":{"line":37,"column":13}},"type":"if","locations":[{"start":{"line":34,"column":12},"end":{"line":37,"column":13}},{"start":{},"end":{}}],"line":34},"3":{"loc":{"start":{"line":46,"column":16},"end":{"line":50,"column":17}},"type":"if","locations":[{"start":{"line":46,"column":16},"end":{"line":50,"column":17}},{"start":{},"end":{}}],"line":46},"4":{"loc":{"start":{"line":52,"column":34},"end":{"line":52,"column":51}},"type":"binary-expr","locations":[{"start":{"line":52,"column":34},"end":{"line":52,"column":46}},{"start":{"line":52,"column":50},"end":{"line":52,"column":51}}],"line":52},"5":{"loc":{"start":{"line":62,"column":20},"end":{"line":66,"column":21}},"type":"if","locations":[{"start":{"line":62,"column":20},"end":{"line":66,"column":21}},{"start":{},"end":{}}],"line":62},"6":{"loc":{"start":{"line":68,"column":20},"end":{"line":71,"column":21}},"type":"if","locations":[{"start":{"line":68,"column":20},"end":{"line":71,"column":21}},{"start":{},"end":{}}],"line":68},"7":{"loc":{"start":{"line":68,"column":24},"end":{"line":68,"column":60}},"type":"binary-expr","locations":[{"start":{"line":68,"column":24},"end":{"line":68,"column":34}},{"start":{"line":68,"column":38},"end":{"line":68,"column":60}}],"line":68},"8":{"loc":{"start":{"line":83,"column":28},"end":{"line":87,"column":29}},"type":"if","locations":[{"start":{"line":83,"column":28},"end":{"line":87,"column":29}},{"start":{},"end":{}}],"line":83},"9":{"loc":{"start":{"line":92,"column":28},"end":{"line":101,"column":29}},"type":"if","locations":[{"start":{"line":92,"column":28},"end":{"line":101,"column":29}},{"start":{},"end":{}}],"line":92},"10":{"loc":{"start":{"line":94,"column":36},"end":{"line":98,"column":37}},"type":"if","locations":[{"start":{"line":94,"column":36},"end":{"line":98,"column":37}},{"start":{},"end":{}}],"line":94},"11":{"loc":{"start":{"line":128,"column":8},"end":{"line":131,"column":9}},"type":"if","locations":[{"start":{"line":128,"column":8},"end":{"line":131,"column":9}},{"start":{},"end":{}}],"line":128},"12":{"loc":{"start":{"line":133,"column":8},"end":{"line":135,"column":9}},"type":"if","locations":[{"start":{"line":133,"column":8},"end":{"line":135,"column":9}},{"start":{},"end":{}}],"line":133},"13":{"loc":{"start":{"line":145,"column":12},"end":{"line":148,"column":13}},"type":"if","locations":[{"start":{"line":145,"column":12},"end":{"line":148,"column":13}},{"start":{},"end":{}}],"line":145},"14":{"loc":{"start":{"line":171,"column":8},"end":{"line":174,"column":9}},"type":"if","locations":[{"start":{"line":171,"column":8},"end":{"line":174,"column":9}},{"start":{},"end":{}}],"line":171},"15":{"loc":{"start":{"line":175,"column":8},"end":{"line":177,"column":9}},"type":"if","locations":[{"start":{"line":175,"column":8},"end":{"line":177,"column":9}},{"start":{},"end":{}}],"line":175},"16":{"loc":{"start":{"line":175,"column":12},"end":{"line":175,"column":38}},"type":"binary-expr","locations":[{"start":{"line":175,"column":12},"end":{"line":175,"column":17}},{"start":{"line":175,"column":21},"end":{"line":175,"column":38}}],"line":175},"17":{"loc":{"start":{"line":193,"column":8},"end":{"line":196,"column":9}},"type":"if","locations":[{"start":{"line":193,"column":8},"end":{"line":196,"column":9}},{"start":{},"end":{}}],"line":193},"18":{"loc":{"start":{"line":201,"column":12},"end":{"line":205,"column":13}},"type":"if","locations":[{"start":{"line":201,"column":12},"end":{"line":205,"column":13}},{"start":{},"end":{}}],"line":201},"19":{"loc":{"start":{"line":210,"column":16},"end":{"line":214,"column":17}},"type":"if","locations":[{"start":{"line":210,"column":16},"end":{"line":214,"column":17}},{"start":{},"end":{}}],"line":210},"20":{"loc":{"start":{"line":216,"column":16},"end":{"line":219,"column":17}},"type":"if","locations":[{"start":{"line":216,"column":16},"end":{"line":219,"column":17}},{"start":{},"end":{}}],"line":216},"21":{"loc":{"start":{"line":223,"column":20},"end":{"line":227,"column":21}},"type":"if","locations":[{"start":{"line":223,"column":20},"end":{"line":227,"column":21}},{"start":{},"end":{}}],"line":223}},"s":{"0":9,"1":9,"2":9,"3":1,"4":1,"5":8,"6":8,"7":8,"8":1,"9":1,"10":1,"11":7,"12":1,"13":1,"14":6,"15":6,"16":6,"17":1,"18":1,"19":1,"20":5,"21":5,"22":5,"23":5,"24":1,"25":1,"26":1,"27":4,"28":1,"29":1,"30":3,"31":3,"32":3,"33":3,"34":3,"35":1,"36":1,"37":1,"38":2,"39":2,"40":2,"41":2,"42":1,"43":1,"44":1,"45":1,"46":4,"47":4,"48":4,"49":4,"50":1,"51":1,"52":3,"53":1,"54":2,"55":2,"56":2,"57":1,"58":1,"59":1,"60":3,"61":3,"62":3,"63":3,"64":1,"65":1,"66":2,"67":1,"68":1,"69":4,"70":4,"71":4,"72":1,"73":1,"74":3,"75":3,"76":3,"77":0,"78":0,"79":0,"80":3,"81":3,"82":3,"83":1,"84":1,"85":1,"86":2,"87":1,"88":1,"89":1,"90":1,"91":0,"92":0,"93":0,"94":1},"f":{"0":9,"1":9,"2":8,"3":0,"4":0,"5":6,"6":0,"7":5,"8":0,"9":0,"10":3,"11":0,"12":2,"13":0,"14":4,"15":4,"16":2,"17":3,"18":3,"19":4,"20":4,"21":3,"22":0,"23":3,"24":1,"25":1,"26":1,"27":0},"b":{"0":[1,8],"1":[1,7],"2":[1,6],"3":[1,5],"4":[5,5],"5":[1,4],"6":[1,3],"7":[4,4],"8":[1,2],"9":[2,0],"10":[1,1],"11":[1,3],"12":[1,2],"13":[1,1],"14":[1,2],"15":[1,1],"16":[2,2],"17":[1,3],"18":[0,3],"19":[1,2],"20":[1,1],"21":[0,1]},"_coverageSchema":"1a1c01bbd47fc00a2c39e90264f33305004495a9","hash":"bf8efad28d9345ae4d9137dfd0a29b171ed21bc1"}
,"/Users/ayrasaqib/uni/SENG2021/src/orderToDB.js": {"path":"/Users/ayrasaqib/uni/SENG2021/src/orderToDB.js","statementMap":{"0":{"start":{"line":18,"column":4},"end":{"line":18,"column":47}},"1":{"start":{"line":18,"column":34},"end":{"line":18,"column":47}},"2":{"start":{"line":19,"column":23},"end":{"line":19,"column":60}},"3":{"start":{"line":20,"column":4},"end":{"line":20,"column":76}},"4":{"start":{"line":30,"column":4},"end":{"line":30,"column":79}},"5":{"start":{"line":40,"column":4},"end":{"line":40,"column":73}},"6":{"start":{"line":50,"column":4},"end":{"line":50,"column":64}},"7":{"start":{"line":72,"column":4},"end":{"line":167,"column":7}},"8":{"start":{"line":73,"column":8},"end":{"line":76,"column":9}},"9":{"start":{"line":74,"column":12},"end":{"line":74,"column":81}},"10":{"start":{"line":75,"column":12},"end":{"line":75,"column":97}},"11":{"start":{"line":77,"column":8},"end":{"line":79,"column":9}},"12":{"start":{"line":78,"column":12},"end":{"line":78,"column":82}},"13":{"start":{"line":82,"column":8},"end":{"line":84,"column":9}},"14":{"start":{"line":83,"column":12},"end":{"line":83,"column":67}},"15":{"start":{"line":86,"column":8},"end":{"line":88,"column":9}},"16":{"start":{"line":87,"column":12},"end":{"line":87,"column":73}},"17":{"start":{"line":89,"column":8},"end":{"line":91,"column":9}},"18":{"start":{"line":90,"column":12},"end":{"line":90,"column":73}},"19":{"start":{"line":92,"column":8},"end":{"line":94,"column":9}},"20":{"start":{"line":93,"column":12},"end":{"line":93,"column":77}},"21":{"start":{"line":95,"column":8},"end":{"line":97,"column":9}},"22":{"start":{"line":96,"column":12},"end":{"line":96,"column":84}},"23":{"start":{"line":98,"column":8},"end":{"line":100,"column":9}},"24":{"start":{"line":99,"column":12},"end":{"line":99,"column":73}},"25":{"start":{"line":102,"column":8},"end":{"line":118,"column":9}},"26":{"start":{"line":103,"column":12},"end":{"line":105,"column":13}},"27":{"start":{"line":104,"column":16},"end":{"line":104,"column":82}},"28":{"start":{"line":106,"column":12},"end":{"line":108,"column":13}},"29":{"start":{"line":107,"column":16},"end":{"line":107,"column":81}},"30":{"start":{"line":109,"column":12},"end":{"line":111,"column":13}},"31":{"start":{"line":110,"column":16},"end":{"line":110,"column":78}},"32":{"start":{"line":112,"column":12},"end":{"line":114,"column":13}},"33":{"start":{"line":113,"column":16},"end":{"line":113,"column":81}},"34":{"start":{"line":115,"column":12},"end":{"line":117,"column":13}},"35":{"start":{"line":116,"column":16},"end":{"line":116,"column":83}},"36":{"start":{"line":120,"column":8},"end":{"line":166,"column":11}},"37":{"start":{"line":121,"column":12},"end":{"line":124,"column":13}},"38":{"start":{"line":122,"column":16},"end":{"line":122,"column":79}},"39":{"start":{"line":123,"column":16},"end":{"line":123,"column":85}},"40":{"start":{"line":126,"column":35},"end":{"line":129,"column":13}},"41":{"start":{"line":131,"column":12},"end":{"line":165,"column":15}},"42":{"start":{"line":132,"column":16},"end":{"line":136,"column":17}},"43":{"start":{"line":133,"column":20},"end":{"line":133,"column":83}},"44":{"start":{"line":134,"column":20},"end":{"line":134,"column":51}},"45":{"start":{"line":135,"column":20},"end":{"line":135,"column":114}},"46":{"start":{"line":139,"column":38},"end":{"line":142,"column":17}},"47":{"start":{"line":144,"column":35},"end":{"line":144,"column":47}},"48":{"start":{"line":145,"column":16},"end":{"line":164,"column":17}},"49":{"start":{"line":146,"column":20},"end":{"line":163,"column":23}},"50":{"start":{"line":147,"column":24},"end":{"line":151,"column":25}},"51":{"start":{"line":148,"column":28},"end":{"line":148,"column":96}},"52":{"start":{"line":149,"column":28},"end":{"line":149,"column":59}},"53":{"start":{"line":150,"column":28},"end":{"line":150,"column":127}},"54":{"start":{"line":152,"column":24},"end":{"line":152,"column":39}},"55":{"start":{"line":153,"column":24},"end":{"line":162,"column":25}},"56":{"start":{"line":154,"column":28},"end":{"line":161,"column":31}},"57":{"start":{"line":155,"column":32},"end":{"line":159,"column":33}},"58":{"start":{"line":156,"column":36},"end":{"line":156,"column":102}},"59":{"start":{"line":157,"column":36},"end":{"line":157,"column":67}},"60":{"start":{"line":158,"column":36},"end":{"line":158,"column":113}},"61":{"start":{"line":160,"column":32},"end":{"line":160,"column":117}},"62":{"start":{"line":178,"column":4},"end":{"line":178,"column":69}},"63":{"start":{"line":180,"column":21},"end":{"line":180,"column":67}},"64":{"start":{"line":182,"column":4},"end":{"line":191,"column":7}},"65":{"start":{"line":183,"column":8},"end":{"line":186,"column":9}},"66":{"start":{"line":184,"column":12},"end":{"line":184,"column":75}},"67":{"start":{"line":185,"column":12},"end":{"line":185,"column":90}},"68":{"start":{"line":187,"column":8},"end":{"line":189,"column":9}},"69":{"start":{"line":188,"column":12},"end":{"line":188,"column":70}},"70":{"start":{"line":190,"column":8},"end":{"line":190,"column":28}},"71":{"start":{"line":201,"column":4},"end":{"line":201,"column":66}},"72":{"start":{"line":203,"column":21},"end":{"line":203,"column":75}},"73":{"start":{"line":205,"column":4},"end":{"line":214,"column":7}},"74":{"start":{"line":206,"column":8},"end":{"line":209,"column":9}},"75":{"start":{"line":207,"column":12},"end":{"line":207,"column":78}},"76":{"start":{"line":208,"column":12},"end":{"line":208,"column":94}},"77":{"start":{"line":210,"column":8},"end":{"line":212,"column":9}},"78":{"start":{"line":211,"column":12},"end":{"line":211,"column":90}},"79":{"start":{"line":213,"column":8},"end":{"line":213,"column":58}},"80":{"start":{"line":213,"column":39},"end":{"line":213,"column":55}},"81":{"start":{"line":224,"column":4},"end":{"line":224,"column":90}},"82":{"start":{"line":226,"column":4},"end":{"line":266,"column":7}},"83":{"start":{"line":227,"column":8},"end":{"line":230,"column":9}},"84":{"start":{"line":228,"column":12},"end":{"line":228,"column":75}},"85":{"start":{"line":229,"column":12},"end":{"line":229,"column":81}},"86":{"start":{"line":233,"column":31},"end":{"line":233,"column":80}},"87":{"start":{"line":234,"column":8},"end":{"line":265,"column":11}},"88":{"start":{"line":235,"column":12},"end":{"line":239,"column":13}},"89":{"start":{"line":236,"column":16},"end":{"line":236,"column":84}},"90":{"start":{"line":237,"column":16},"end":{"line":237,"column":47}},"91":{"start":{"line":238,"column":16},"end":{"line":238,"column":100}},"92":{"start":{"line":242,"column":35},"end":{"line":242,"column":79}},"93":{"start":{"line":243,"column":12},"end":{"line":264,"column":15}},"94":{"start":{"line":244,"column":16},"end":{"line":248,"column":17}},"95":{"start":{"line":245,"column":20},"end":{"line":245,"column":82}},"96":{"start":{"line":246,"column":20},"end":{"line":246,"column":51}},"97":{"start":{"line":247,"column":20},"end":{"line":247,"column":98}},"98":{"start":{"line":250,"column":16},"end":{"line":253,"column":17}},"99":{"start":{"line":251,"column":20},"end":{"line":251,"column":51}},"100":{"start":{"line":252,"column":20},"end":{"line":252,"column":78}},"101":{"start":{"line":256,"column":16},"end":{"line":263,"column":19}},"102":{"start":{"line":257,"column":20},"end":{"line":261,"column":21}},"103":{"start":{"line":258,"column":24},"end":{"line":258,"column":90}},"104":{"start":{"line":259,"column":24},"end":{"line":259,"column":55}},"105":{"start":{"line":260,"column":24},"end":{"line":260,"column":102}},"106":{"start":{"line":262,"column":20},"end":{"line":262,"column":112}},"107":{"start":{"line":277,"column":4},"end":{"line":277,"column":68}},"108":{"start":{"line":279,"column":21},"end":{"line":279,"column":72}},"109":{"start":{"line":281,"column":4},"end":{"line":290,"column":7}},"110":{"start":{"line":282,"column":8},"end":{"line":285,"column":9}},"111":{"start":{"line":283,"column":12},"end":{"line":283,"column":80}},"112":{"start":{"line":284,"column":12},"end":{"line":284,"column":96}},"113":{"start":{"line":286,"column":8},"end":{"line":288,"column":9}},"114":{"start":{"line":287,"column":12},"end":{"line":287,"column":91}},"115":{"start":{"line":289,"column":8},"end":{"line":289,"column":29}}},"fnMap":{"0":{"name":"isValidIssueDate","decl":{"start":{"line":17,"column":16},"end":{"line":17,"column":32}},"loc":{"start":{"line":17,"column":39},"end":{"line":21,"column":1}},"line":17},"1":{"name":"isValidCurrencyCode","decl":{"start":{"line":29,"column":16},"end":{"line":29,"column":35}},"loc":{"start":{"line":29,"column":50},"end":{"line":31,"column":1}},"line":29},"2":{"name":"isValidUnitCode","decl":{"start":{"line":39,"column":16},"end":{"line":39,"column":31}},"loc":{"start":{"line":39,"column":42},"end":{"line":41,"column":1}},"line":39},"3":{"name":"isValidItemID","decl":{"start":{"line":49,"column":16},"end":{"line":49,"column":29}},"loc":{"start":{"line":49,"column":38},"end":{"line":51,"column":1}},"line":49},"4":{"name":"inputOrder","decl":{"start":{"line":69,"column":16},"end":{"line":69,"column":26}},"loc":{"start":{"line":70,"column":80},"end":{"line":168,"column":1}},"line":70},"5":{"name":"(anonymous_5)","decl":{"start":{"line":72,"column":90},"end":{"line":72,"column":91}},"loc":{"start":{"line":72,"column":104},"end":{"line":167,"column":5}},"line":72},"6":{"name":"(anonymous_6)","decl":{"start":{"line":120,"column":38},"end":{"line":120,"column":39}},"loc":{"start":{"line":120,"column":52},"end":{"line":166,"column":9}},"line":120},"7":{"name":"(anonymous_7)","decl":{"start":{"line":131,"column":115},"end":{"line":131,"column":116}},"loc":{"start":{"line":131,"column":130},"end":{"line":165,"column":13}},"line":131},"8":{"name":"(anonymous_8)","decl":{"start":{"line":134,"column":41},"end":{"line":134,"column":42}},"loc":{"start":{"line":134,"column":47},"end":{"line":134,"column":49}},"line":134},"9":{"name":"(anonymous_9)","decl":{"start":{"line":146,"column":179},"end":{"line":146,"column":180}},"loc":{"start":{"line":146,"column":194},"end":{"line":163,"column":21}},"line":146},"10":{"name":"(anonymous_10)","decl":{"start":{"line":149,"column":49},"end":{"line":149,"column":50}},"loc":{"start":{"line":149,"column":55},"end":{"line":149,"column":57}},"line":149},"11":{"name":"(anonymous_11)","decl":{"start":{"line":154,"column":47},"end":{"line":154,"column":48}},"loc":{"start":{"line":154,"column":62},"end":{"line":161,"column":29}},"line":154},"12":{"name":"(anonymous_12)","decl":{"start":{"line":157,"column":57},"end":{"line":157,"column":58}},"loc":{"start":{"line":157,"column":63},"end":{"line":157,"column":65}},"line":157},"13":{"name":"getOrderBySalesOrderID","decl":{"start":{"line":177,"column":16},"end":{"line":177,"column":38}},"loc":{"start":{"line":177,"column":63},"end":{"line":192,"column":1}},"line":177},"14":{"name":"(anonymous_14)","decl":{"start":{"line":182,"column":37},"end":{"line":182,"column":38}},"loc":{"start":{"line":182,"column":51},"end":{"line":191,"column":5}},"line":182},"15":{"name":"getOrderIdsByPartyName","decl":{"start":{"line":200,"column":16},"end":{"line":200,"column":38}},"loc":{"start":{"line":200,"column":60},"end":{"line":215,"column":1}},"line":200},"16":{"name":"(anonymous_16)","decl":{"start":{"line":205,"column":34},"end":{"line":205,"column":35}},"loc":{"start":{"line":205,"column":49},"end":{"line":214,"column":5}},"line":205},"17":{"name":"(anonymous_17)","decl":{"start":{"line":213,"column":32},"end":{"line":213,"column":33}},"loc":{"start":{"line":213,"column":39},"end":{"line":213,"column":55}},"line":213},"18":{"name":"deleteOrderById","decl":{"start":{"line":223,"column":16},"end":{"line":223,"column":31}},"loc":{"start":{"line":223,"column":56},"end":{"line":267,"column":1}},"line":223},"19":{"name":"(anonymous_19)","decl":{"start":{"line":226,"column":34},"end":{"line":226,"column":35}},"loc":{"start":{"line":226,"column":48},"end":{"line":266,"column":5}},"line":226},"20":{"name":"(anonymous_20)","decl":{"start":{"line":234,"column":47},"end":{"line":234,"column":48}},"loc":{"start":{"line":234,"column":62},"end":{"line":265,"column":9}},"line":234},"21":{"name":"(anonymous_21)","decl":{"start":{"line":237,"column":37},"end":{"line":237,"column":38}},"loc":{"start":{"line":237,"column":43},"end":{"line":237,"column":45}},"line":237},"22":{"name":"(anonymous_22)","decl":{"start":{"line":243,"column":51},"end":{"line":243,"column":52}},"loc":{"start":{"line":243,"column":66},"end":{"line":264,"column":13}},"line":243},"23":{"name":"(anonymous_23)","decl":{"start":{"line":246,"column":41},"end":{"line":246,"column":42}},"loc":{"start":{"line":246,"column":47},"end":{"line":246,"column":49}},"line":246},"24":{"name":"(anonymous_24)","decl":{"start":{"line":251,"column":41},"end":{"line":251,"column":42}},"loc":{"start":{"line":251,"column":47},"end":{"line":251,"column":49}},"line":251},"25":{"name":"(anonymous_25)","decl":{"start":{"line":256,"column":35},"end":{"line":256,"column":36}},"loc":{"start":{"line":256,"column":50},"end":{"line":263,"column":17}},"line":256},"26":{"name":"(anonymous_26)","decl":{"start":{"line":259,"column":45},"end":{"line":259,"column":46}},"loc":{"start":{"line":259,"column":51},"end":{"line":259,"column":53}},"line":259},"27":{"name":"getItemsBySalesOrderID","decl":{"start":{"line":276,"column":16},"end":{"line":276,"column":38}},"loc":{"start":{"line":276,"column":63},"end":{"line":291,"column":1}},"line":276},"28":{"name":"(anonymous_28)","decl":{"start":{"line":281,"column":37},"end":{"line":281,"column":38}},"loc":{"start":{"line":281,"column":52},"end":{"line":290,"column":5}},"line":281}},"branchMap":{"0":{"loc":{"start":{"line":18,"column":4},"end":{"line":18,"column":47}},"type":"if","locations":[{"start":{"line":18,"column":4},"end":{"line":18,"column":47}},{"start":{},"end":{}}],"line":18},"1":{"loc":{"start":{"line":20,"column":11},"end":{"line":20,"column":75}},"type":"binary-expr","locations":[{"start":{"line":20,"column":11},"end":{"line":20,"column":30}},{"start":{"line":20,"column":34},"end":{"line":20,"column":75}}],"line":20},"2":{"loc":{"start":{"line":30,"column":11},"end":{"line":30,"column":78}},"type":"binary-expr","locations":[{"start":{"line":30,"column":11},"end":{"line":30,"column":43}},{"start":{"line":30,"column":47},"end":{"line":30,"column":78}}],"line":30},"3":{"loc":{"start":{"line":40,"column":11},"end":{"line":40,"column":72}},"type":"binary-expr","locations":[{"start":{"line":40,"column":11},"end":{"line":40,"column":39}},{"start":{"line":40,"column":43},"end":{"line":40,"column":72}}],"line":40},"4":{"loc":{"start":{"line":50,"column":11},"end":{"line":50,"column":63}},"type":"binary-expr","locations":[{"start":{"line":50,"column":11},"end":{"line":50,"column":37}},{"start":{"line":50,"column":41},"end":{"line":50,"column":63}}],"line":50},"5":{"loc":{"start":{"line":73,"column":8},"end":{"line":76,"column":9}},"type":"if","locations":[{"start":{"line":73,"column":8},"end":{"line":76,"column":9}},{"start":{},"end":{}}],"line":73},"6":{"loc":{"start":{"line":77,"column":8},"end":{"line":79,"column":9}},"type":"if","locations":[{"start":{"line":77,"column":8},"end":{"line":79,"column":9}},{"start":{},"end":{}}],"line":77},"7":{"loc":{"start":{"line":82,"column":8},"end":{"line":84,"column":9}},"type":"if","locations":[{"start":{"line":82,"column":8},"end":{"line":84,"column":9}},{"start":{},"end":{}}],"line":82},"8":{"loc":{"start":{"line":86,"column":8},"end":{"line":88,"column":9}},"type":"if","locations":[{"start":{"line":86,"column":8},"end":{"line":88,"column":9}},{"start":{},"end":{}}],"line":86},"9":{"loc":{"start":{"line":89,"column":8},"end":{"line":91,"column":9}},"type":"if","locations":[{"start":{"line":89,"column":8},"end":{"line":91,"column":9}},{"start":{},"end":{}}],"line":89},"10":{"loc":{"start":{"line":92,"column":8},"end":{"line":94,"column":9}},"type":"if","locations":[{"start":{"line":92,"column":8},"end":{"line":94,"column":9}},{"start":{},"end":{}}],"line":92},"11":{"loc":{"start":{"line":92,"column":12},"end":{"line":92,"column":66}},"type":"binary-expr","locations":[{"start":{"line":92,"column":12},"end":{"line":92,"column":45}},{"start":{"line":92,"column":49},"end":{"line":92,"column":66}}],"line":92},"12":{"loc":{"start":{"line":95,"column":8},"end":{"line":97,"column":9}},"type":"if","locations":[{"start":{"line":95,"column":8},"end":{"line":97,"column":9}},{"start":{},"end":{}}],"line":95},"13":{"loc":{"start":{"line":98,"column":8},"end":{"line":100,"column":9}},"type":"if","locations":[{"start":{"line":98,"column":8},"end":{"line":100,"column":9}},{"start":{},"end":{}}],"line":98},"14":{"loc":{"start":{"line":98,"column":12},"end":{"line":98,"column":55}},"type":"binary-expr","locations":[{"start":{"line":98,"column":12},"end":{"line":98,"column":33}},{"start":{"line":98,"column":37},"end":{"line":98,"column":55}}],"line":98},"15":{"loc":{"start":{"line":103,"column":12},"end":{"line":105,"column":13}},"type":"if","locations":[{"start":{"line":103,"column":12},"end":{"line":105,"column":13}},{"start":{},"end":{}}],"line":103},"16":{"loc":{"start":{"line":106,"column":12},"end":{"line":108,"column":13}},"type":"if","locations":[{"start":{"line":106,"column":12},"end":{"line":108,"column":13}},{"start":{},"end":{}}],"line":106},"17":{"loc":{"start":{"line":109,"column":12},"end":{"line":111,"column":13}},"type":"if","locations":[{"start":{"line":109,"column":12},"end":{"line":111,"column":13}},{"start":{},"end":{}}],"line":109},"18":{"loc":{"start":{"line":109,"column":16},"end":{"line":109,"column":74}},"type":"binary-expr","locations":[{"start":{"line":109,"column":16},"end":{"line":109,"column":51}},{"start":{"line":109,"column":55},"end":{"line":109,"column":74}}],"line":109},"19":{"loc":{"start":{"line":112,"column":12},"end":{"line":114,"column":13}},"type":"if","locations":[{"start":{"line":112,"column":12},"end":{"line":114,"column":13}},{"start":{},"end":{}}],"line":112},"20":{"loc":{"start":{"line":115,"column":12},"end":{"line":117,"column":13}},"type":"if","locations":[{"start":{"line":115,"column":12},"end":{"line":117,"column":13}},{"start":{},"end":{}}],"line":115},"21":{"loc":{"start":{"line":115,"column":16},"end":{"line":115,"column":88}},"type":"binary-expr","locations":[{"start":{"line":115,"column":16},"end":{"line":115,"column":56}},{"start":{"line":115,"column":60},"end":{"line":115,"column":88}}],"line":115},"22":{"loc":{"start":{"line":121,"column":12},"end":{"line":124,"column":13}},"type":"if","locations":[{"start":{"line":121,"column":12},"end":{"line":124,"column":13}},{"start":{},"end":{}}],"line":121},"23":{"loc":{"start":{"line":132,"column":16},"end":{"line":136,"column":17}},"type":"if","locations":[{"start":{"line":132,"column":16},"end":{"line":136,"column":17}},{"start":{},"end":{}}],"line":132},"24":{"loc":{"start":{"line":147,"column":24},"end":{"line":151,"column":25}},"type":"if","locations":[{"start":{"line":147,"column":24},"end":{"line":151,"column":25}},{"start":{},"end":{}}],"line":147},"25":{"loc":{"start":{"line":153,"column":24},"end":{"line":162,"column":25}},"type":"if","locations":[{"start":{"line":153,"column":24},"end":{"line":162,"column":25}},{"start":{},"end":{}}],"line":153},"26":{"loc":{"start":{"line":155,"column":32},"end":{"line":159,"column":33}},"type":"if","locations":[{"start":{"line":155,"column":32},"end":{"line":159,"column":33}},{"start":{},"end":{}}],"line":155},"27":{"loc":{"start":{"line":183,"column":8},"end":{"line":186,"column":9}},"type":"if","locations":[{"start":{"line":183,"column":8},"end":{"line":186,"column":9}},{"start":{},"end":{}}],"line":183},"28":{"loc":{"start":{"line":187,"column":8},"end":{"line":189,"column":9}},"type":"if","locations":[{"start":{"line":187,"column":8},"end":{"line":189,"column":9}},{"start":{},"end":{}}],"line":187},"29":{"loc":{"start":{"line":206,"column":8},"end":{"line":209,"column":9}},"type":"if","locations":[{"start":{"line":206,"column":8},"end":{"line":209,"column":9}},{"start":{},"end":{}}],"line":206},"30":{"loc":{"start":{"line":210,"column":8},"end":{"line":212,"column":9}},"type":"if","locations":[{"start":{"line":210,"column":8},"end":{"line":212,"column":9}},{"start":{},"end":{}}],"line":210},"31":{"loc":{"start":{"line":210,"column":12},"end":{"line":210,"column":38}},"type":"binary-expr","locations":[{"start":{"line":210,"column":12},"end":{"line":210,"column":17}},{"start":{"line":210,"column":21},"end":{"line":210,"column":38}}],"line":210},"32":{"loc":{"start":{"line":227,"column":8},"end":{"line":230,"column":9}},"type":"if","locations":[{"start":{"line":227,"column":8},"end":{"line":230,"column":9}},{"start":{},"end":{}}],"line":227},"33":{"loc":{"start":{"line":235,"column":12},"end":{"line":239,"column":13}},"type":"if","locations":[{"start":{"line":235,"column":12},"end":{"line":239,"column":13}},{"start":{},"end":{}}],"line":235},"34":{"loc":{"start":{"line":244,"column":16},"end":{"line":248,"column":17}},"type":"if","locations":[{"start":{"line":244,"column":16},"end":{"line":248,"column":17}},{"start":{},"end":{}}],"line":244},"35":{"loc":{"start":{"line":250,"column":16},"end":{"line":253,"column":17}},"type":"if","locations":[{"start":{"line":250,"column":16},"end":{"line":253,"column":17}},{"start":{},"end":{}}],"line":250},"36":{"loc":{"start":{"line":257,"column":20},"end":{"line":261,"column":21}},"type":"if","locations":[{"start":{"line":257,"column":20},"end":{"line":261,"column":21}},{"start":{},"end":{}}],"line":257},"37":{"loc":{"start":{"line":282,"column":8},"end":{"line":285,"column":9}},"type":"if","locations":[{"start":{"line":282,"column":8},"end":{"line":285,"column":9}},{"start":{},"end":{}}],"line":282},"38":{"loc":{"start":{"line":286,"column":8},"end":{"line":288,"column":9}},"type":"if","locations":[{"start":{"line":286,"column":8},"end":{"line":288,"column":9}},{"start":{},"end":{}}],"line":286},"39":{"loc":{"start":{"line":286,"column":12},"end":{"line":286,"column":38}},"type":"binary-expr","locations":[{"start":{"line":286,"column":12},"end":{"line":286,"column":17}},{"start":{"line":286,"column":21},"end":{"line":286,"column":38}}],"line":286}},"s":{"0":9,"1":0,"2":9,"3":9,"4":6,"5":3,"6":7,"7":11,"8":11,"9":0,"10":0,"11":11,"12":1,"13":10,"14":1,"15":9,"16":1,"17":8,"18":1,"19":7,"20":1,"21":6,"22":1,"23":5,"24":1,"25":4,"26":4,"27":1,"28":3,"29":0,"30":3,"31":0,"32":3,"33":0,"34":3,"35":0,"36":3,"37":3,"38":0,"39":0,"40":3,"41":3,"42":3,"43":1,"44":1,"45":1,"46":2,"47":2,"48":2,"49":2,"50":2,"51":0,"52":0,"53":0,"54":2,"55":2,"56":2,"57":2,"58":1,"59":1,"60":1,"61":1,"62":3,"63":3,"64":3,"65":3,"66":1,"67":1,"68":2,"69":1,"70":1,"71":3,"72":3,"73":3,"74":3,"75":1,"76":1,"77":2,"78":1,"79":1,"80":2,"81":6,"82":6,"83":6,"84":1,"85":1,"86":5,"87":5,"88":5,"89":1,"90":1,"91":1,"92":4,"93":4,"94":4,"95":1,"96":1,"97":1,"98":3,"99":1,"100":1,"101":2,"102":2,"103":1,"104":1,"105":1,"106":1,"107":0,"108":0,"109":0,"110":0,"111":0,"112":0,"113":0,"114":0,"115":0},"f":{"0":9,"1":6,"2":3,"3":7,"4":11,"5":11,"6":3,"7":3,"8":1,"9":2,"10":0,"11":2,"12":1,"13":3,"14":3,"15":3,"16":3,"17":2,"18":6,"19":6,"20":5,"21":1,"22":4,"23":1,"24":1,"25":2,"26":1,"27":0,"28":0},"b":{"0":[0,9],"1":[9,8],"2":[6,6],"3":[3,3],"4":[7,7],"5":[0,11],"6":[1,10],"7":[1,9],"8":[1,8],"9":[1,7],"10":[1,6],"11":[7,7],"12":[1,5],"13":[1,4],"14":[5,5],"15":[1,3],"16":[0,3],"17":[0,3],"18":[3,3],"19":[0,3],"20":[0,3],"21":[3,3],"22":[0,3],"23":[1,2],"24":[0,2],"25":[2,0],"26":[1,1],"27":[1,2],"28":[1,1],"29":[1,2],"30":[1,1],"31":[2,2],"32":[1,5],"33":[1,4],"34":[1,3],"35":[1,2],"36":[1,1],"37":[0,0],"38":[0,0],"39":[0,0]},"_coverageSchema":"1a1c01bbd47fc00a2c39e90264f33305004495a9","hash":"836b854afbd01ace6ae4e7858e1499e60c63da1f"}
,"/Users/ayrasaqib/uni/SENG2021/src/test_app.js": {"path":"/Users/ayrasaqib/uni/SENG2021/src/test_app.js","statementMap":{"0":{"start":{"line":2,"column":4},"end":{"line":2,"column":17}},"1":{"start":{"line":6,"column":4},"end":{"line":6,"column":25}},"2":{"start":{"line":9,"column":0},"end":{"line":9,"column":33}}},"fnMap":{"0":{"name":"add","decl":{"start":{"line":1,"column":9},"end":{"line":1,"column":12}},"loc":{"start":{"line":1,"column":19},"end":{"line":3,"column":1}},"line":1},"1":{"name":"isEven","decl":{"start":{"line":5,"column":9},"end":{"line":5,"column":15}},"loc":{"start":{"line":5,"column":21},"end":{"line":7,"column":1}},"line":5}},"branchMap":{},"s":{"0":2,"1":2,"2":1},"f":{"0":2,"1":2},"b":{},"_coverageSchema":"1a1c01bbd47fc00a2c39e90264f33305004495a9","hash":"f3a9d378f8197c139f7fce41418c5ea4376e8508"}
}
