TN:
SF:src/databaseFunctions.js
FN:16,isValidIssueDate
FN:28,isValidPartyName
FN:42,isValidCurrencyCode
FN:52,isValidUnitCode
FN:62,isValidItemID
FN:86,inputOrder
FN:91,(anonymous_6)
FN:142,(anonymous_7)
FN:157,(anonymous_8)
FN:160,(anonymous_9)
FN:164,(anonymous_10)
FN:167,(anonymous_11)
FNF:12
FNH:11
FNDA:13,isValidIssueDate
FNDA:12,isValidPartyName
FNDA:10,isValidCurrencyCode
FNDA:8,isValidUnitCode
FNDA:13,isValidItemID
FNDA:16,inputOrder
FNDA:16,(anonymous_6)
FNDA:3,(anonymous_7)
FNDA:3,(anonymous_8)
FNDA:1,(anonymous_9)
FNDA:1,(anonymous_10)
FNDA:0,(anonymous_11)
DA:17,13
DA:18,13
DA:19,13
DA:29,12
DA:30,1
DA:32,11
DA:33,11
DA:43,10
DA:53,8
DA:63,13
DA:91,16
DA:92,16
DA:93,1
DA:94,1
DA:96,15
DA:97,0
DA:101,15
DA:102,2
DA:105,13
DA:106,1
DA:109,12
DA:110,1
DA:113,11
DA:114,1
DA:117,10
DA:118,1
DA:121,9
DA:122,1
DA:125,8
DA:126,1
DA:129,7
DA:130,1
DA:133,6
DA:134,1
DA:137,5
DA:138,2
DA:142,3
DA:143,3
DA:144,0
DA:145,0
DA:148,3
DA:156,3
DA:158,3
DA:159,2
DA:160,2
DA:161,2
DA:164,1
DA:165,1
DA:166,1
DA:167,1
DA:168,1
DA:170,0
LF:52
LH:48
BRDA:17,0,0,0
BRDA:17,0,1,13
BRDA:19,1,0,13
BRDA:19,1,1,12
BRDA:29,2,0,1
BRDA:29,2,1,11
BRDA:29,3,0,12
BRDA:29,3,1,12
BRDA:43,4,0,10
BRDA:43,4,1,10
BRDA:53,5,0,8
BRDA:53,5,1,8
BRDA:63,6,0,13
BRDA:63,6,1,13
BRDA:92,7,0,1
BRDA:92,7,1,15
BRDA:96,8,0,0
BRDA:96,8,1,15
BRDA:101,9,0,2
BRDA:101,9,1,13
BRDA:105,10,0,1
BRDA:105,10,1,12
BRDA:109,11,0,1
BRDA:109,11,1,11
BRDA:113,12,0,1
BRDA:113,12,1,10
BRDA:113,13,0,11
BRDA:113,13,1,11
BRDA:117,14,0,1
BRDA:117,14,1,9
BRDA:121,15,0,1
BRDA:121,15,1,8
BRDA:121,16,0,9
BRDA:121,16,1,9
BRDA:125,17,0,1
BRDA:125,17,1,7
BRDA:129,18,0,1
BRDA:129,18,1,6
BRDA:133,19,0,1
BRDA:133,19,1,5
BRDA:137,20,0,2
BRDA:137,20,1,3
BRDA:137,21,0,5
BRDA:137,21,1,4
BRDA:143,22,0,0
BRDA:143,22,1,3
BRDA:158,23,0,2
BRDA:158,23,1,1
BRDA:165,24,0,1
BRDA:165,24,1,0
BRF:50
BRH:46
end_of_record
TN:
SF:src/errors.js
FN:2,(anonymous_0)
FNF:1
FNH:1
FNDA:16,(anonymous_0)
DA:3,16
DA:4,16
LF:2
LH:2
BRF:0
BRH:0
end_of_record
TN:
SF:src/test_app.js
FN:1,add
FN:5,isEven
FNF:2
FNH:2
FNDA:2,add
FNDA:2,isEven
DA:2,2
DA:6,2
DA:9,1
LF:3
LH:3
BRF:0
BRH:0
end_of_record
