TN:
SF:src/UsersToDB.js
FN:13,userInput
FN:18,(anonymous_1)
FN:25,(anonymous_2)
FN:35,(anonymous_3)
FN:53,validateUser
FN:60,(anonymous_5)
FN:71,(anonymous_6)
FN:87,updateUserSession
FN:95,(anonymous_8)
FN:104,(anonymous_9)
FN:114,(anonymous_10)
FNF:11
FNH:0
FNDA:0,userInput
FNDA:0,(anonymous_1)
FNDA:0,(anonymous_2)
FNDA:0,(anonymous_3)
FNDA:0,validateUser
FNDA:0,(anonymous_5)
FNDA:0,(anonymous_6)
FNDA:0,updateUserSession
FNDA:0,(anonymous_8)
FNDA:0,(anonymous_9)
FNDA:0,(anonymous_10)
DA:14,0
DA:15,0
DA:18,0
DA:19,0
DA:20,0
DA:21,0
DA:23,0
DA:25,0
DA:26,0
DA:27,0
DA:28,0
DA:31,0
DA:34,0
DA:35,0
DA:36,0
DA:37,0
DA:38,0
DA:40,0
DA:54,0
DA:55,0
DA:58,0
DA:60,0
DA:61,0
DA:62,0
DA:63,0
DA:66,0
DA:67,0
DA:71,0
DA:72,0
DA:73,0
DA:74,0
DA:76,0
DA:88,0
DA:89,0
DA:93,0
DA:95,0
DA:96,0
DA:97,0
DA:98,0
DA:101,0
DA:103,0
DA:104,0
DA:105,0
DA:106,0
DA:107,0
DA:109,0
DA:113,0
DA:114,0
DA:115,0
DA:116,0
DA:117,0
DA:119,0
LF:52
LH:0
BRDA:14,0,0,0
BRDA:14,0,1,0
BRDA:14,1,0,0
BRDA:14,1,1,0
BRDA:14,1,2,0
BRDA:19,2,0,0
BRDA:19,2,1,0
BRDA:26,3,0,0
BRDA:26,3,1,0
BRDA:36,4,0,0
BRDA:36,4,1,0
BRDA:54,5,0,0
BRDA:54,5,1,0
BRDA:54,6,0,0
BRDA:54,6,1,0
BRDA:61,7,0,0
BRDA:61,7,1,0
BRDA:66,8,0,0
BRDA:66,8,1,0
BRDA:72,9,0,0
BRDA:72,9,1,0
BRDA:88,10,0,0
BRDA:88,10,1,0
BRDA:96,11,0,0
BRDA:96,11,1,0
BRDA:101,12,0,0
BRDA:101,12,1,0
BRDA:105,13,0,0
BRDA:105,13,1,0
BRDA:115,14,0,0
BRDA:115,14,1,0
BRF:31
BRH:0
end_of_record
TN:
SF:src/admin.js
FN:31,getUserFromEmail
FN:32,(anonymous_1)
FN:53,getUserFromBusinessName
FN:54,(anonymous_3)
FN:73,getUserFromUserId
FN:74,(anonymous_5)
FN:89,getSessionFromSessionId
FN:90,(anonymous_7)
FN:98,passwordErrorCheck
FN:109,hashPassword
FN:130,adminRegister
FNF:11
FNH:0
FNDA:0,getUserFromEmail
FNDA:0,(anonymous_1)
FNDA:0,getUserFromBusinessName
FNDA:0,(anonymous_3)
FNDA:0,getUserFromUserId
FNDA:0,(anonymous_5)
FNDA:0,getSessionFromSessionId
FNDA:0,(anonymous_7)
FNDA:0,passwordErrorCheck
FNDA:0,hashPassword
FNDA:0,adminRegister
DA:7,1
DA:8,1
DA:32,0
DA:54,0
DA:74,0
DA:90,0
DA:99,0
DA:100,0
DA:102,0
DA:111,0
DA:113,0
DA:115,0
DA:131,0
DA:133,0
DA:134,0
DA:137,0
DA:138,0
DA:141,0
DA:142,0
DA:145,0
DA:146,0
DA:149,0
DA:150,0
DA:153,0
DA:154,0
DA:157,0
DA:158,0
DA:162,0
DA:163,0
DA:164,0
DA:168,0
DA:169,0
DA:170,0
DA:173,0
DA:176,0
DA:182,0
DA:185,0
DA:189,0
DA:191,0
LF:39
LH:2
BRDA:102,0,0,0
BRDA:102,0,1,0
BRDA:133,1,0,0
BRDA:133,1,1,0
BRDA:137,2,0,0
BRDA:137,2,1,0
BRDA:141,3,0,0
BRDA:141,3,1,0
BRDA:145,4,0,0
BRDA:145,4,1,0
BRDA:149,5,0,0
BRDA:149,5,1,0
BRDA:153,6,0,0
BRDA:153,6,1,0
BRDA:157,7,0,0
BRDA:157,7,1,0
BRF:16
BRH:0
end_of_record
TN:
SF:src/connect.js
FN:15,(anonymous_0)
FN:35,(anonymous_1)
FN:57,(anonymous_2)
FN:80,(anonymous_3)
FN:102,(anonymous_4)
FN:120,(anonymous_5)
FN:139,(anonymous_6)
FNF:7
FNH:0
FNDA:0,(anonymous_0)
FNDA:0,(anonymous_1)
FNDA:0,(anonymous_2)
FNDA:0,(anonymous_3)
FNDA:0,(anonymous_4)
FNDA:0,(anonymous_5)
FNDA:0,(anonymous_6)
DA:5,1
DA:7,1
DA:10,1
DA:11,0
DA:14,1
DA:15,1
DA:16,0
DA:17,0
DA:18,0
DA:20,0
DA:24,1
DA:35,1
DA:36,0
DA:37,0
DA:39,0
DA:44,1
DA:57,1
DA:58,0
DA:59,0
DA:61,0
DA:66,1
DA:80,1
DA:81,0
DA:82,0
DA:84,0
DA:89,1
DA:102,1
DA:103,0
DA:104,0
DA:106,0
DA:111,1
DA:120,1
DA:121,0
DA:122,0
DA:124,0
DA:129,1
DA:139,1
DA:140,0
DA:141,0
DA:143,0
LF:40
LH:17
BRDA:10,0,0,0
BRDA:10,0,1,1
BRDA:16,1,0,0
BRDA:16,1,1,0
BRDA:36,2,0,0
BRDA:36,2,1,0
BRDA:39,3,0,0
BRDA:39,3,1,0
BRDA:58,4,0,0
BRDA:58,4,1,0
BRDA:61,5,0,0
BRDA:61,5,1,0
BRDA:81,6,0,0
BRDA:81,6,1,0
BRDA:84,7,0,0
BRDA:84,7,1,0
BRDA:103,8,0,0
BRDA:103,8,1,0
BRDA:106,9,0,0
BRDA:106,9,1,0
BRDA:121,10,0,0
BRDA:121,10,1,0
BRDA:124,11,0,0
BRDA:124,11,1,0
BRDA:140,12,0,0
BRDA:140,12,1,0
BRDA:143,13,0,0
BRDA:143,13,1,0
BRF:28
BRH:1
end_of_record
TN:
SF:src/errors.js
FN:2,(anonymous_0)
FNF:1
FNH:0
FNDA:0,(anonymous_0)
DA:3,0
DA:4,0
LF:2
LH:0
BRF:0
BRH:0
end_of_record
TN:
SF:src/helperFunctions.js
FN:7,isValidPartyName
FN:18,randomNumber
FNF:2
FNH:0
FNDA:0,isValidPartyName
FNDA:0,randomNumber
DA:8,0
DA:9,0
DA:11,0
DA:12,0
DA:19,0
LF:5
LH:0
BRDA:8,0,0,0
BRDA:8,0,1,0
BRDA:8,1,0,0
BRDA:8,1,1,0
BRF:4
BRH:0
end_of_record
TN:
SF:src/invoiceToDB.js
FN:11,inputInvoice
FN:14,(anonymous_1)
FN:27,(anonymous_2)
FN:30,(anonymous_3)
FN:35,(anonymous_4)
FN:45,(anonymous_5)
FN:48,(anonymous_6)
FN:61,(anonymous_7)
FN:64,(anonymous_8)
FN:69,(anonymous_9)
FN:82,(anonymous_10)
FN:85,(anonymous_11)
FN:93,(anonymous_12)
FN:96,(anonymous_13)
FN:117,getInvoiceByID
FN:127,(anonymous_15)
FN:144,(anonymous_16)
FN:162,getInvoicesByCompanyName
FN:170,(anonymous_18)
FN:189,deleteInvoiceById
FN:192,(anonymous_20)
FN:200,(anonymous_21)
FN:203,(anonymous_22)
FN:209,(anonymous_23)
FN:212,(anonymous_24)
FN:217,(anonymous_25)
FN:222,(anonymous_26)
FN:225,(anonymous_27)
FNF:28
FNH:0
FNDA:0,inputInvoice
FNDA:0,(anonymous_1)
FNDA:0,(anonymous_2)
FNDA:0,(anonymous_3)
FNDA:0,(anonymous_4)
FNDA:0,(anonymous_5)
FNDA:0,(anonymous_6)
FNDA:0,(anonymous_7)
FNDA:0,(anonymous_8)
FNDA:0,(anonymous_9)
FNDA:0,(anonymous_10)
FNDA:0,(anonymous_11)
FNDA:0,(anonymous_12)
FNDA:0,(anonymous_13)
FNDA:0,getInvoiceByID
FNDA:0,(anonymous_15)
FNDA:0,(anonymous_16)
FNDA:0,getInvoicesByCompanyName
FNDA:0,(anonymous_18)
FNDA:0,deleteInvoiceById
FNDA:0,(anonymous_20)
FNDA:0,(anonymous_21)
FNDA:0,(anonymous_22)
FNDA:0,(anonymous_23)
FNDA:0,(anonymous_24)
FNDA:0,(anonymous_25)
FNDA:0,(anonymous_26)
FNDA:0,(anonymous_27)
DA:12,0
DA:14,0
DA:15,0
DA:16,0
DA:17,0
DA:21,0
DA:27,0
DA:28,0
DA:29,0
DA:30,0
DA:31,0
DA:34,0
DA:35,0
DA:36,0
DA:40,0
DA:45,0
DA:46,0
DA:47,0
DA:48,0
DA:49,0
DA:52,0
DA:55,0
DA:61,0
DA:62,0
DA:63,0
DA:64,0
DA:65,0
DA:68,0
DA:69,0
DA:70,0
DA:74,0
DA:79,0
DA:81,0
DA:82,0
DA:83,0
DA:84,0
DA:85,0
DA:86,0
DA:89,0
DA:92,0
DA:93,0
DA:94,0
DA:95,0
DA:96,0
DA:97,0
DA:99,0
DA:118,0
DA:121,0
DA:127,0
DA:128,0
DA:129,0
DA:130,0
DA:133,0
DA:134,0
DA:138,0
DA:144,0
DA:145,0
DA:146,0
DA:147,0
DA:150,0
DA:163,0
DA:165,0
DA:170,0
DA:171,0
DA:172,0
DA:173,0
DA:175,0
DA:176,0
DA:178,0
DA:190,0
DA:192,0
DA:193,0
DA:194,0
DA:195,0
DA:199,0
DA:200,0
DA:201,0
DA:202,0
DA:203,0
DA:204,0
DA:208,0
DA:209,0
DA:210,0
DA:211,0
DA:212,0
DA:213,0
DA:216,0
DA:217,0
DA:218,0
DA:222,0
DA:223,0
DA:224,0
DA:225,0
DA:226,0
DA:228,0
LF:95
LH:0
BRDA:15,0,0,0
BRDA:15,0,1,0
BRDA:28,1,0,0
BRDA:28,1,1,0
BRDA:34,2,0,0
BRDA:34,2,1,0
BRDA:46,3,0,0
BRDA:46,3,1,0
BRDA:52,4,0,0
BRDA:52,4,1,0
BRDA:62,5,0,0
BRDA:62,5,1,0
BRDA:68,6,0,0
BRDA:68,6,1,0
BRDA:68,7,0,0
BRDA:68,7,1,0
BRDA:83,8,0,0
BRDA:83,8,1,0
BRDA:92,9,0,0
BRDA:92,9,1,0
BRDA:94,10,0,0
BRDA:94,10,1,0
BRDA:128,11,0,0
BRDA:128,11,1,0
BRDA:133,12,0,0
BRDA:133,12,1,0
BRDA:145,13,0,0
BRDA:145,13,1,0
BRDA:171,14,0,0
BRDA:171,14,1,0
BRDA:175,15,0,0
BRDA:175,15,1,0
BRDA:175,16,0,0
BRDA:175,16,1,0
BRDA:193,17,0,0
BRDA:193,17,1,0
BRDA:201,18,0,0
BRDA:201,18,1,0
BRDA:210,19,0,0
BRDA:210,19,1,0
BRDA:216,20,0,0
BRDA:216,20,1,0
BRDA:223,21,0,0
BRDA:223,21,1,0
BRF:44
BRH:0
end_of_record
TN:
SF:src/orderToDB.js
FN:17,isValidIssueDate
FN:29,isValidCurrencyCode
FN:39,isValidUnitCode
FN:49,isValidItemID
FN:69,inputOrder
FN:72,(anonymous_5)
FN:120,(anonymous_6)
FN:131,(anonymous_7)
FN:134,(anonymous_8)
FN:146,(anonymous_9)
FN:149,(anonymous_10)
FN:154,(anonymous_11)
FN:157,(anonymous_12)
FN:177,getOrderBySalesOrderID
FN:182,(anonymous_14)
FN:200,getOrderIdsByPartyName
FN:205,(anonymous_16)
FN:213,(anonymous_17)
FN:223,deleteOrderById
FN:226,(anonymous_19)
FN:234,(anonymous_20)
FN:237,(anonymous_21)
FN:243,(anonymous_22)
FN:246,(anonymous_23)
FN:251,(anonymous_24)
FN:256,(anonymous_25)
FN:259,(anonymous_26)
FN:276,getItemsBySalesOrderID
FN:281,(anonymous_28)
FNF:29
FNH:0
FNDA:0,isValidIssueDate
FNDA:0,isValidCurrencyCode
FNDA:0,isValidUnitCode
FNDA:0,isValidItemID
FNDA:0,inputOrder
FNDA:0,(anonymous_5)
FNDA:0,(anonymous_6)
FNDA:0,(anonymous_7)
FNDA:0,(anonymous_8)
FNDA:0,(anonymous_9)
FNDA:0,(anonymous_10)
FNDA:0,(anonymous_11)
FNDA:0,(anonymous_12)
FNDA:0,getOrderBySalesOrderID
FNDA:0,(anonymous_14)
FNDA:0,getOrderIdsByPartyName
FNDA:0,(anonymous_16)
FNDA:0,(anonymous_17)
FNDA:0,deleteOrderById
FNDA:0,(anonymous_19)
FNDA:0,(anonymous_20)
FNDA:0,(anonymous_21)
FNDA:0,(anonymous_22)
FNDA:0,(anonymous_23)
FNDA:0,(anonymous_24)
FNDA:0,(anonymous_25)
FNDA:0,(anonymous_26)
FNDA:0,getItemsBySalesOrderID
FNDA:0,(anonymous_28)
DA:18,0
DA:19,0
DA:20,0
DA:30,0
DA:40,0
DA:50,0
DA:72,0
DA:73,0
DA:74,0
DA:75,0
DA:77,0
DA:78,0
DA:82,0
DA:83,0
DA:86,0
DA:87,0
DA:89,0
DA:90,0
DA:92,0
DA:93,0
DA:95,0
DA:96,0
DA:98,0
DA:99,0
DA:102,0
DA:103,0
DA:104,0
DA:106,0
DA:107,0
DA:109,0
DA:110,0
DA:112,0
DA:113,0
DA:115,0
DA:116,0
DA:120,0
DA:121,0
DA:122,0
DA:123,0
DA:126,0
DA:131,0
DA:132,0
DA:133,0
DA:134,0
DA:135,0
DA:139,0
DA:144,0
DA:145,0
DA:146,0
DA:147,0
DA:148,0
DA:149,0
DA:150,0
DA:152,0
DA:153,0
DA:154,0
DA:155,0
DA:156,0
DA:157,0
DA:158,0
DA:160,0
DA:178,0
DA:180,0
DA:182,0
DA:183,0
DA:184,0
DA:185,0
DA:187,0
DA:188,0
DA:190,0
DA:201,0
DA:203,0
DA:205,0
DA:206,0
DA:207,0
DA:208,0
DA:210,0
DA:211,0
DA:213,0
DA:224,0
DA:226,0
DA:227,0
DA:228,0
DA:229,0
DA:233,0
DA:234,0
DA:235,0
DA:236,0
DA:237,0
DA:238,0
DA:242,0
DA:243,0
DA:244,0
DA:245,0
DA:246,0
DA:247,0
DA:250,0
DA:251,0
DA:252,0
DA:256,0
DA:257,0
DA:258,0
DA:259,0
DA:260,0
DA:262,0
DA:277,0
DA:279,0
DA:281,0
DA:282,0
DA:283,0
DA:284,0
DA:286,0
DA:287,0
DA:289,0
LF:114
LH:0
BRDA:18,0,0,0
BRDA:18,0,1,0
BRDA:20,1,0,0
BRDA:20,1,1,0
BRDA:30,2,0,0
BRDA:30,2,1,0
BRDA:40,3,0,0
BRDA:40,3,1,0
BRDA:50,4,0,0
BRDA:50,4,1,0
BRDA:73,5,0,0
BRDA:73,5,1,0
BRDA:77,6,0,0
BRDA:77,6,1,0
BRDA:82,7,0,0
BRDA:82,7,1,0
BRDA:86,8,0,0
BRDA:86,8,1,0
BRDA:89,9,0,0
BRDA:89,9,1,0
BRDA:92,10,0,0
BRDA:92,10,1,0
BRDA:92,11,0,0
BRDA:92,11,1,0
BRDA:95,12,0,0
BRDA:95,12,1,0
BRDA:98,13,0,0
BRDA:98,13,1,0
BRDA:98,14,0,0
BRDA:98,14,1,0
BRDA:103,15,0,0
BRDA:103,15,1,0
BRDA:106,16,0,0
BRDA:106,16,1,0
BRDA:109,17,0,0
BRDA:109,17,1,0
BRDA:109,18,0,0
BRDA:109,18,1,0
BRDA:112,19,0,0
BRDA:112,19,1,0
BRDA:115,20,0,0
BRDA:115,20,1,0
BRDA:115,21,0,0
BRDA:115,21,1,0
BRDA:121,22,0,0
BRDA:121,22,1,0
BRDA:132,23,0,0
BRDA:132,23,1,0
BRDA:147,24,0,0
BRDA:147,24,1,0
BRDA:153,25,0,0
BRDA:153,25,1,0
BRDA:155,26,0,0
BRDA:155,26,1,0
BRDA:183,27,0,0
BRDA:183,27,1,0
BRDA:187,28,0,0
BRDA:187,28,1,0
BRDA:206,29,0,0
BRDA:206,29,1,0
BRDA:210,30,0,0
BRDA:210,30,1,0
BRDA:210,31,0,0
BRDA:210,31,1,0
BRDA:227,32,0,0
BRDA:227,32,1,0
BRDA:235,33,0,0
BRDA:235,33,1,0
BRDA:244,34,0,0
BRDA:244,34,1,0
BRDA:250,35,0,0
BRDA:250,35,1,0
BRDA:257,36,0,0
BRDA:257,36,1,0
BRDA:282,37,0,0
BRDA:282,37,1,0
BRDA:286,38,0,0
BRDA:286,38,1,0
BRDA:286,39,0,0
BRDA:286,39,1,0
BRF:80
BRH:0
end_of_record
TN:
SF:src/requestParameterConstants.js
FNF:0
FNH:0
DA:1,1
DA:2,1
DA:3,1
DA:4,1
DA:6,1
DA:7,1
DA:8,1
DA:9,1
DA:10,1
DA:11,1
LF:10
LH:10
BRF:0
BRH:0
end_of_record
TN:
SF:src/server.js
FN:40,(anonymous_0)
FN:53,(anonymous_1)
FN:56,(anonymous_2)
FN:66,(anonymous_3)
FN:80,(anonymous_4)
FN:90,(anonymous_5)
FN:93,(anonymous_6)
FN:103,(anonymous_7)
FN:106,(anonymous_8)
FN:116,(anonymous_9)
FN:119,(anonymous_10)
FN:129,(anonymous_11)
FN:134,(anonymous_12)
FN:143,(anonymous_13)
FN:146,(anonymous_14)
FN:156,(anonymous_15)
FN:159,(anonymous_16)
FN:169,(anonymous_17)
FN:172,(anonymous_18)
FN:182,(anonymous_19)
FN:187,(anonymous_20)
FN:196,(anonymous_21)
FN:205,(anonymous_22)
FN:217,(anonymous_23)
FN:222,(anonymous_24)
FN:223,(anonymous_25)
FNF:26
FNH:0
FNDA:0,(anonymous_0)
FNDA:0,(anonymous_1)
FNDA:0,(anonymous_2)
FNDA:0,(anonymous_3)
FNDA:0,(anonymous_4)
FNDA:0,(anonymous_5)
FNDA:0,(anonymous_6)
FNDA:0,(anonymous_7)
FNDA:0,(anonymous_8)
FNDA:0,(anonymous_9)
FNDA:0,(anonymous_10)
FNDA:0,(anonymous_11)
FNDA:0,(anonymous_12)
FNDA:0,(anonymous_13)
FNDA:0,(anonymous_14)
FNDA:0,(anonymous_15)
FNDA:0,(anonymous_16)
FNDA:0,(anonymous_17)
FNDA:0,(anonymous_18)
FNDA:0,(anonymous_19)
FNDA:0,(anonymous_20)
FNDA:0,(anonymous_21)
FNDA:0,(anonymous_22)
FNDA:0,(anonymous_23)
FNDA:0,(anonymous_24)
FNDA:0,(anonymous_25)
DA:25,1
DA:27,1
DA:29,1
DA:31,1
DA:33,1
DA:34,1
DA:40,1
DA:41,0
DA:43,0
DA:44,0
DA:45,0
DA:46,0
DA:48,0
DA:53,1
DA:54,0
DA:56,0
DA:57,0
DA:58,0
DA:59,0
DA:61,0
DA:66,1
DA:69,0
DA:72,0
DA:73,0
DA:76,0
DA:78,0
DA:81,0
DA:82,0
DA:84,0
DA:90,1
DA:91,0
DA:93,0
DA:94,0
DA:95,0
DA:96,0
DA:98,0
DA:103,1
DA:104,0
DA:106,0
DA:107,0
DA:108,0
DA:109,0
DA:111,0
DA:116,1
DA:117,0
DA:119,0
DA:120,0
DA:121,0
DA:122,0
DA:124,0
DA:129,1
DA:130,0
DA:132,0
DA:134,0
DA:135,0
DA:136,0
DA:138,0
DA:143,1
DA:144,0
DA:146,0
DA:147,0
DA:148,0
DA:149,0
DA:151,0
DA:156,1
DA:157,0
DA:159,0
DA:160,0
DA:161,0
DA:162,0
DA:164,0
DA:169,1
DA:170,0
DA:172,0
DA:173,0
DA:174,0
DA:175,0
DA:177,0
DA:182,1
DA:183,0
DA:185,0
DA:187,0
DA:188,0
DA:189,0
DA:191,0
DA:196,1
DA:197,0
DA:199,0
DA:200,0
DA:203,0
DA:205,0
DA:206,0
DA:207,0
DA:209,0
DA:217,1
DA:218,0
DA:219,0
DA:222,1
DA:223,0
DA:224,0
DA:225,0
LF:101
LH:20
BRDA:33,0,0,1
BRDA:33,0,1,1
BRDA:34,1,0,1
BRDA:34,1,1,1
BRDA:58,2,0,0
BRDA:58,2,1,0
BRDA:72,3,0,0
BRDA:72,3,1,0
BRDA:72,4,0,0
BRDA:72,4,1,0
BRDA:81,5,0,0
BRDA:81,5,1,0
BRDA:95,6,0,0
BRDA:95,6,1,0
BRDA:108,7,0,0
BRDA:108,7,1,0
BRDA:121,8,0,0
BRDA:121,8,1,0
BRDA:135,9,0,0
BRDA:135,9,1,0
BRDA:148,10,0,0
BRDA:148,10,1,0
BRDA:161,11,0,0
BRDA:161,11,1,0
BRDA:174,12,0,0
BRDA:174,12,1,0
BRDA:188,13,0,0
BRDA:188,13,1,0
BRDA:199,14,0,0
BRDA:199,14,1,0
BRDA:206,15,0,0
BRDA:206,15,1,0
BRF:32
BRH:4
end_of_record
TN:
SF:src/testHelpers.js
FN:8,getRequest
FN:24,deleteRequest
FN:40,postRequest
FN:56,putRequest
FNF:4
FNH:1
FNDA:0,getRequest
FNDA:0,deleteRequest
FNDA:9,postRequest
FNDA:0,putRequest
DA:4,1
DA:5,1
DA:9,0
DA:18,0
DA:25,0
DA:34,0
DA:41,9
DA:50,0
DA:57,0
DA:66,0
LF:10
LH:3
BRF:0
BRH:0
end_of_record
TN:
SF:src/userData.js
FN:10,(anonymous_0)
FN:15,(anonymous_1)
FN:22,getData
FN:26,clear
FNF:4
FNH:2
FNDA:0,(anonymous_0)
FNDA:0,(anonymous_1)
FNDA:9,getData
FNDA:9,clear
DA:3,1
DA:5,1
DA:10,1
DA:11,0
DA:12,0
DA:15,1
DA:16,0
DA:17,0
DA:18,0
DA:23,9
DA:28,9
DA:29,9
DA:30,9
LF:13
LH:8
BRDA:16,0,0,0
BRDA:16,0,1,0
BRF:2
BRH:0
end_of_record
